{"/home/hilary-madelein/Documentos/Observatorio_Hidrometeorologico/observatorio_api/controls/AccountController.js": {"path":"/home/hilary-madelein/Documentos/Observatorio_Hidrometeorologico/observatorio_api/controls/AccountController.js","statementMap":{"0":{"start":{"line":1,"column":15},"end":{"line":1,"column":35}},"1":{"start":{"line":2,"column":16},"end":{"line":2,"column":30}},"2":{"start":{"line":3,"column":15},"end":{"line":3,"column":28}},"3":{"start":{"line":5,"column":29},"end":{"line":5,"column":57}},"4":{"start":{"line":6,"column":15},"end":{"line":6,"column":32}},"5":{"start":{"line":7,"column":12},"end":{"line":7,"column":35}},"6":{"start":{"line":8,"column":15},"end":{"line":8,"column":35}},"7":{"start":{"line":9,"column":0},"end":{"line":9,"column":27}},"8":{"start":{"line":13,"column":8},"end":{"line":72,"column":9}},"9":{"start":{"line":14,"column":27},"end":{"line":14,"column":48}},"10":{"start":{"line":16,"column":12},"end":{"line":22,"column":13}},"11":{"start":{"line":17,"column":16},"end":{"line":21,"column":19}},"12":{"start":{"line":24,"column":26},"end":{"line":27,"column":14}},"13":{"start":{"line":29,"column":12},"end":{"line":31,"column":13}},"14":{"start":{"line":30,"column":16},"end":{"line":30,"column":88}},"15":{"start":{"line":33,"column":12},"end":{"line":35,"column":13}},"16":{"start":{"line":34,"column":16},"end":{"line":34,"column":86}},"17":{"start":{"line":37,"column":36},"end":{"line":37,"column":89}},"18":{"start":{"line":39,"column":12},"end":{"line":64,"column":13}},"19":{"start":{"line":40,"column":37},"end":{"line":44,"column":17}},"20":{"start":{"line":46,"column":34},"end":{"line":46,"column":49}},"21":{"start":{"line":47,"column":30},"end":{"line":47,"column":85}},"22":{"start":{"line":49,"column":16},"end":{"line":61,"column":19}},"23":{"start":{"line":63,"column":16},"end":{"line":63,"column":84}},"24":{"start":{"line":67,"column":12},"end":{"line":67,"column":33}},"25":{"start":{"line":68,"column":12},"end":{"line":71,"column":15}},"26":{"start":{"line":77,"column":0},"end":{"line":77,"column":35}}},"fnMap":{"0":{"name":"(anonymous_0)","decl":{"start":{"line":12,"column":4},"end":{"line":12,"column":5}},"loc":{"start":{"line":12,"column":26},"end":{"line":73,"column":5}},"line":12}},"branchMap":{"0":{"loc":{"start":{"line":16,"column":12},"end":{"line":22,"column":13}},"type":"if","locations":[{"start":{"line":16,"column":12},"end":{"line":22,"column":13}},{"start":{},"end":{}}],"line":16},"1":{"loc":{"start":{"line":29,"column":12},"end":{"line":31,"column":13}},"type":"if","locations":[{"start":{"line":29,"column":12},"end":{"line":31,"column":13}},{"start":{},"end":{}}],"line":29},"2":{"loc":{"start":{"line":33,"column":12},"end":{"line":35,"column":13}},"type":"if","locations":[{"start":{"line":33,"column":12},"end":{"line":35,"column":13}},{"start":{},"end":{}}],"line":33},"3":{"loc":{"start":{"line":39,"column":12},"end":{"line":64,"column":13}},"type":"if","locations":[{"start":{"line":39,"column":12},"end":{"line":64,"column":13}},{"start":{"line":62,"column":19},"end":{"line":64,"column":13}}],"line":39},"4":{"loc":{"start":{"line":50,"column":42},"end":{"line":50,"column":66}},"type":"binary-expr","locations":[{"start":{"line":50,"column":42},"end":{"line":50,"column":60}},{"start":{"line":50,"column":64},"end":{"line":50,"column":66}}],"line":50},"5":{"loc":{"start":{"line":55,"column":37},"end":{"line":55,"column":61}},"type":"binary-expr","locations":[{"start":{"line":55,"column":37},"end":{"line":55,"column":55}},{"start":{"line":55,"column":59},"end":{"line":55,"column":61}}],"line":55},"6":{"loc":{"start":{"line":56,"column":39},"end":{"line":56,"column":67}},"type":"binary-expr","locations":[{"start":{"line":56,"column":39},"end":{"line":56,"column":61}},{"start":{"line":56,"column":65},"end":{"line":56,"column":67}}],"line":56}},"s":{"0":1,"1":1,"2":1,"3":1,"4":1,"5":1,"6":1,"7":1,"8":6,"9":6,"10":6,"11":1,"12":5,"13":4,"14":1,"15":3,"16":1,"17":2,"18":2,"19":1,"20":1,"21":1,"22":1,"23":1,"24":1,"25":1,"26":1},"f":{"0":6},"b":{"0":[1,5],"1":[1,3],"2":[1,2],"3":[1,1],"4":[1,0],"5":[1,0],"6":[1,0]},"_coverageSchema":"1a1c01bbd47fc00a2c39e90264f33305004495a9","hash":"88c9952073b5819f5089a945ab7f2d99716357e0"}
,"/home/hilary-madelein/Documentos/Observatorio_Hidrometeorologico/observatorio_api/controls/DailyMeasurementController.js": {"path":"/home/hilary-madelein/Documentos/Observatorio_Hidrometeorologico/observatorio_api/controls/DailyMeasurementController.js","statementMap":{"0":{"start":{"line":3,"column":23},"end":{"line":3,"column":38}},"1":{"start":{"line":4,"column":15},"end":{"line":4,"column":35}},"2":{"start":{"line":8,"column":55},"end":{"line":8,"column":64}},"3":{"start":{"line":10,"column":4},"end":{"line":12,"column":5}},"4":{"start":{"line":11,"column":6},"end":{"line":11,"column":82}},"5":{"start":{"line":14,"column":4},"end":{"line":131,"column":5}},"6":{"start":{"line":17,"column":6},"end":{"line":84,"column":7}},"7":{"start":{"line":18,"column":8},"end":{"line":43,"column":10}},"8":{"start":{"line":45,"column":13},"end":{"line":84,"column":7}},"9":{"start":{"line":46,"column":8},"end":{"line":51,"column":9}},"10":{"start":{"line":47,"column":10},"end":{"line":50,"column":13}},"11":{"start":{"line":53,"column":8},"end":{"line":83,"column":10}},"12":{"start":{"line":86,"column":6},"end":{"line":92,"column":9}},"13":{"start":{"line":87,"column":8},"end":{"line":87,"column":66}},"14":{"start":{"line":87,"column":53},"end":{"line":87,"column":66}},"15":{"start":{"line":88,"column":8},"end":{"line":88,"column":64}},"16":{"start":{"line":88,"column":51},"end":{"line":88,"column":64}},"17":{"start":{"line":89,"column":8},"end":{"line":89,"column":64}},"18":{"start":{"line":89,"column":51},"end":{"line":89,"column":64}},"19":{"start":{"line":90,"column":8},"end":{"line":90,"column":64}},"20":{"start":{"line":90,"column":51},"end":{"line":90,"column":64}},"21":{"start":{"line":91,"column":8},"end":{"line":91,"column":20}},"22":{"start":{"line":94,"column":24},"end":{"line":94,"column":26}},"23":{"start":{"line":95,"column":6},"end":{"line":116,"column":9}},"24":{"start":{"line":96,"column":20},"end":{"line":96,"column":53}},"25":{"start":{"line":98,"column":8},"end":{"line":104,"column":9}},"26":{"start":{"line":99,"column":10},"end":{"line":103,"column":12}},"27":{"start":{"line":106,"column":20},"end":{"line":106,"column":22}},"28":{"start":{"line":107,"column":8},"end":{"line":107,"column":89}},"29":{"start":{"line":107,"column":32},"end":{"line":107,"column":89}},"30":{"start":{"line":108,"column":8},"end":{"line":108,"column":67}},"31":{"start":{"line":108,"column":31},"end":{"line":108,"column":67}},"32":{"start":{"line":109,"column":8},"end":{"line":109,"column":67}},"33":{"start":{"line":109,"column":31},"end":{"line":109,"column":67}},"34":{"start":{"line":110,"column":8},"end":{"line":110,"column":65}},"35":{"start":{"line":110,"column":31},"end":{"line":110,"column":65}},"36":{"start":{"line":112,"column":8},"end":{"line":112,"column":35}},"37":{"start":{"line":113,"column":8},"end":{"line":113,"column":30}},"38":{"start":{"line":115,"column":8},"end":{"line":115,"column":52}},"39":{"start":{"line":118,"column":19},"end":{"line":118,"column":43}},"40":{"start":{"line":120,"column":6},"end":{"line":124,"column":9}},"41":{"start":{"line":126,"column":6},"end":{"line":126,"column":27}},"42":{"start":{"line":127,"column":6},"end":{"line":130,"column":9}},"43":{"start":{"line":136,"column":0},"end":{"line":136,"column":44}}},"fnMap":{"0":{"name":"(anonymous_0)","decl":{"start":{"line":7,"column":2},"end":{"line":7,"column":3}},"loc":{"start":{"line":7,"column":42},"end":{"line":132,"column":3}},"line":7},"1":{"name":"(anonymous_1)","decl":{"start":{"line":86,"column":25},"end":{"line":86,"column":26}},"loc":{"start":{"line":86,"column":30},"end":{"line":92,"column":7}},"line":86},"2":{"name":"(anonymous_2)","decl":{"start":{"line":95,"column":19},"end":{"line":95,"column":20}},"loc":{"start":{"line":95,"column":24},"end":{"line":116,"column":7}},"line":95}},"branchMap":{"0":{"loc":{"start":{"line":10,"column":4},"end":{"line":12,"column":5}},"type":"if","locations":[{"start":{"line":10,"column":4},"end":{"line":12,"column":5}},{"start":{},"end":{}}],"line":10},"1":{"loc":{"start":{"line":10,"column":8},"end":{"line":10,"column":61}},"type":"binary-expr","locations":[{"start":{"line":10,"column":8},"end":{"line":10,"column":14}},{"start":{"line":10,"column":18},"end":{"line":10,"column":61}}],"line":10},"2":{"loc":{"start":{"line":17,"column":6},"end":{"line":84,"column":7}},"type":"if","locations":[{"start":{"line":17,"column":6},"end":{"line":84,"column":7}},{"start":{"line":45,"column":13},"end":{"line":84,"column":7}}],"line":17},"3":{"loc":{"start":{"line":40,"column":38},"end":{"line":40,"column":54}},"type":"binary-expr","locations":[{"start":{"line":40,"column":38},"end":{"line":40,"column":46}},{"start":{"line":40,"column":50},"end":{"line":40,"column":54}}],"line":40},"4":{"loc":{"start":{"line":45,"column":13},"end":{"line":84,"column":7}},"type":"if","locations":[{"start":{"line":45,"column":13},"end":{"line":84,"column":7}},{"start":{},"end":{}}],"line":45},"5":{"loc":{"start":{"line":46,"column":8},"end":{"line":51,"column":9}},"type":"if","locations":[{"start":{"line":46,"column":8},"end":{"line":51,"column":9}},{"start":{},"end":{}}],"line":46},"6":{"loc":{"start":{"line":46,"column":12},"end":{"line":46,"column":37}},"type":"binary-expr","locations":[{"start":{"line":46,"column":12},"end":{"line":46,"column":24}},{"start":{"line":46,"column":28},"end":{"line":46,"column":37}}],"line":46},"7":{"loc":{"start":{"line":79,"column":26},"end":{"line":79,"column":42}},"type":"binary-expr","locations":[{"start":{"line":79,"column":26},"end":{"line":79,"column":34}},{"start":{"line":79,"column":38},"end":{"line":79,"column":42}}],"line":79},"8":{"loc":{"start":{"line":87,"column":8},"end":{"line":87,"column":66}},"type":"if","locations":[{"start":{"line":87,"column":8},"end":{"line":87,"column":66}},{"start":{},"end":{}}],"line":87},"9":{"loc":{"start":{"line":87,"column":12},"end":{"line":87,"column":51}},"type":"binary-expr","locations":[{"start":{"line":87,"column":12},"end":{"line":87,"column":30}},{"start":{"line":87,"column":34},"end":{"line":87,"column":51}}],"line":87},"10":{"loc":{"start":{"line":88,"column":8},"end":{"line":88,"column":64}},"type":"if","locations":[{"start":{"line":88,"column":8},"end":{"line":88,"column":64}},{"start":{},"end":{}}],"line":88},"11":{"loc":{"start":{"line":88,"column":12},"end":{"line":88,"column":49}},"type":"binary-expr","locations":[{"start":{"line":88,"column":12},"end":{"line":88,"column":29}},{"start":{"line":88,"column":33},"end":{"line":88,"column":49}}],"line":88},"12":{"loc":{"start":{"line":89,"column":8},"end":{"line":89,"column":64}},"type":"if","locations":[{"start":{"line":89,"column":8},"end":{"line":89,"column":64}},{"start":{},"end":{}}],"line":89},"13":{"loc":{"start":{"line":89,"column":12},"end":{"line":89,"column":49}},"type":"binary-expr","locations":[{"start":{"line":89,"column":12},"end":{"line":89,"column":29}},{"start":{"line":89,"column":33},"end":{"line":89,"column":49}}],"line":89},"14":{"loc":{"start":{"line":90,"column":8},"end":{"line":90,"column":64}},"type":"if","locations":[{"start":{"line":90,"column":8},"end":{"line":90,"column":64}},{"start":{},"end":{}}],"line":90},"15":{"loc":{"start":{"line":90,"column":12},"end":{"line":90,"column":49}},"type":"binary-expr","locations":[{"start":{"line":90,"column":12},"end":{"line":90,"column":29}},{"start":{"line":90,"column":33},"end":{"line":90,"column":49}}],"line":90},"16":{"loc":{"start":{"line":98,"column":8},"end":{"line":104,"column":9}},"type":"if","locations":[{"start":{"line":98,"column":8},"end":{"line":104,"column":9}},{"start":{},"end":{}}],"line":98},"17":{"loc":{"start":{"line":107,"column":8},"end":{"line":107,"column":89}},"type":"if","locations":[{"start":{"line":107,"column":8},"end":{"line":107,"column":89}},{"start":{},"end":{}}],"line":107},"18":{"loc":{"start":{"line":108,"column":8},"end":{"line":108,"column":67}},"type":"if","locations":[{"start":{"line":108,"column":8},"end":{"line":108,"column":67}},{"start":{},"end":{}}],"line":108},"19":{"loc":{"start":{"line":109,"column":8},"end":{"line":109,"column":67}},"type":"if","locations":[{"start":{"line":109,"column":8},"end":{"line":109,"column":67}},{"start":{},"end":{}}],"line":109},"20":{"loc":{"start":{"line":110,"column":8},"end":{"line":110,"column":65}},"type":"if","locations":[{"start":{"line":110,"column":8},"end":{"line":110,"column":65}},{"start":{},"end":{}}],"line":110}},"s":{"0":1,"1":1,"2":6,"3":6,"4":1,"5":5,"6":5,"7":3,"8":2,"9":2,"10":1,"11":1,"12":3,"13":4,"14":1,"15":3,"16":0,"17":3,"18":0,"19":3,"20":0,"21":3,"22":3,"23":3,"24":3,"25":3,"26":3,"27":3,"28":3,"29":2,"30":3,"31":2,"32":3,"33":2,"34":3,"35":1,"36":3,"37":3,"38":3,"39":3,"40":3,"41":1,"42":1,"43":1},"f":{"0":6,"1":4,"2":3},"b":{"0":[1,5],"1":[6,6],"2":[3,2],"3":[3,2],"4":[2,0],"5":[1,1],"6":[2,1],"7":[1,1],"8":[1,3],"9":[4,3],"10":[0,3],"11":[3,2],"12":[0,3],"13":[3,2],"14":[0,3],"15":[3,1],"16":[3,0],"17":[2,1],"18":[2,1],"19":[2,1],"20":[1,2]},"_coverageSchema":"1a1c01bbd47fc00a2c39e90264f33305004495a9","hash":"b31391b025708a7d6f039e479ca584181e4cafb4"}
,"/home/hilary-madelein/Documentos/Observatorio_Hidrometeorologico/observatorio_api/controls/EntityController.js": {"path":"/home/hilary-madelein/Documentos/Observatorio_Hidrometeorologico/observatorio_api/controls/EntityController.js","statementMap":{"0":{"start":{"line":2,"column":29},"end":{"line":2,"column":57}},"1":{"start":{"line":3,"column":15},"end":{"line":3,"column":35}},"2":{"start":{"line":4,"column":15},"end":{"line":4,"column":28}},"3":{"start":{"line":5,"column":16},"end":{"line":5,"column":30}},"4":{"start":{"line":7,"column":15},"end":{"line":7,"column":32}},"5":{"start":{"line":8,"column":13},"end":{"line":8,"column":28}},"6":{"start":{"line":9,"column":13},"end":{"line":9,"column":28}},"7":{"start":{"line":10,"column":11},"end":{"line":10,"column":24}},"8":{"start":{"line":16,"column":8},"end":{"line":30,"column":9}},"9":{"start":{"line":17,"column":28},"end":{"line":26,"column":14}},"10":{"start":{"line":27,"column":12},"end":{"line":27,"column":63}},"11":{"start":{"line":29,"column":12},"end":{"line":29,"column":112}},"12":{"start":{"line":35,"column":25},"end":{"line":35,"column":44}},"13":{"start":{"line":36,"column":23},"end":{"line":39,"column":10}},"14":{"start":{"line":41,"column":8},"end":{"line":47,"column":9}},"15":{"start":{"line":42,"column":12},"end":{"line":46,"column":15}},"16":{"start":{"line":49,"column":8},"end":{"line":53,"column":11}},"17":{"start":{"line":58,"column":28},"end":{"line":58,"column":64}},"18":{"start":{"line":59,"column":27},"end":{"line":59,"column":29}},"19":{"start":{"line":61,"column":8},"end":{"line":130,"column":9}},"20":{"start":{"line":62,"column":27},"end":{"line":62,"column":48}},"21":{"start":{"line":63,"column":12},"end":{"line":69,"column":13}},"22":{"start":{"line":64,"column":16},"end":{"line":68,"column":19}},"23":{"start":{"line":71,"column":12},"end":{"line":76,"column":13}},"24":{"start":{"line":72,"column":16},"end":{"line":75,"column":19}},"25":{"start":{"line":78,"column":33},"end":{"line":82,"column":13}},"26":{"start":{"line":79,"column":16},"end":{"line":79,"column":74}},"27":{"start":{"line":79,"column":31},"end":{"line":79,"column":74}},"28":{"start":{"line":80,"column":29},"end":{"line":80,"column":59}},"29":{"start":{"line":81,"column":16},"end":{"line":81,"column":55}},"30":{"start":{"line":84,"column":36},"end":{"line":84,"column":86}},"31":{"start":{"line":86,"column":25},"end":{"line":96,"column":13}},"32":{"start":{"line":98,"column":12},"end":{"line":101,"column":15}},"33":{"start":{"line":103,"column":12},"end":{"line":103,"column":39}},"34":{"start":{"line":105,"column":12},"end":{"line":108,"column":15}},"35":{"start":{"line":111,"column":12},"end":{"line":113,"column":13}},"36":{"start":{"line":112,"column":16},"end":{"line":112,"column":97}},"37":{"start":{"line":115,"column":12},"end":{"line":117,"column":13}},"38":{"start":{"line":116,"column":16},"end":{"line":116,"column":45}},"39":{"start":{"line":119,"column":12},"end":{"line":124,"column":13}},"40":{"start":{"line":120,"column":16},"end":{"line":123,"column":19}},"41":{"start":{"line":126,"column":12},"end":{"line":129,"column":15}},"42":{"start":{"line":135,"column":8},"end":{"line":198,"column":9}},"43":{"start":{"line":136,"column":35},"end":{"line":138,"column":14}},"44":{"start":{"line":140,"column":12},"end":{"line":142,"column":13}},"45":{"start":{"line":141,"column":16},"end":{"line":141,"column":89}},"46":{"start":{"line":144,"column":35},"end":{"line":146,"column":14}},"47":{"start":{"line":148,"column":12},"end":{"line":150,"column":13}},"48":{"start":{"line":149,"column":16},"end":{"line":149,"column":116}},"49":{"start":{"line":152,"column":34},"end":{"line":152,"column":56}},"50":{"start":{"line":154,"column":12},"end":{"line":166,"column":13}},"51":{"start":{"line":155,"column":16},"end":{"line":164,"column":17}},"52":{"start":{"line":156,"column":38},"end":{"line":156,"column":102}},"53":{"start":{"line":157,"column":20},"end":{"line":163,"column":23}},"54":{"start":{"line":158,"column":24},"end":{"line":162,"column":25}},"55":{"start":{"line":159,"column":28},"end":{"line":159,"column":86}},"56":{"start":{"line":161,"column":28},"end":{"line":161,"column":73}},"57":{"start":{"line":165,"column":16},"end":{"line":165,"column":52}},"58":{"start":{"line":168,"column":12},"end":{"line":168,"column":51}},"59":{"start":{"line":169,"column":12},"end":{"line":169,"column":57}},"60":{"start":{"line":170,"column":12},"end":{"line":170,"column":52}},"61":{"start":{"line":171,"column":12},"end":{"line":171,"column":53}},"62":{"start":{"line":172,"column":12},"end":{"line":172,"column":52}},"63":{"start":{"line":173,"column":12},"end":{"line":173,"column":53}},"64":{"start":{"line":174,"column":12},"end":{"line":174,"column":51}},"65":{"start":{"line":176,"column":27},"end":{"line":176,"column":54}},"66":{"start":{"line":177,"column":12},"end":{"line":177,"column":40}},"67":{"start":{"line":179,"column":12},"end":{"line":184,"column":13}},"68":{"start":{"line":180,"column":16},"end":{"line":183,"column":19}},"69":{"start":{"line":186,"column":12},"end":{"line":189,"column":15}},"70":{"start":{"line":192,"column":12},"end":{"line":192,"column":58}},"71":{"start":{"line":193,"column":12},"end":{"line":197,"column":15}},"72":{"start":{"line":202,"column":0},"end":{"line":202,"column":34}}},"fnMap":{"0":{"name":"(anonymous_0)","decl":{"start":{"line":15,"column":4},"end":{"line":15,"column":5}},"loc":{"start":{"line":15,"column":25},"end":{"line":31,"column":5}},"line":15},"1":{"name":"(anonymous_1)","decl":{"start":{"line":34,"column":4},"end":{"line":34,"column":5}},"loc":{"start":{"line":34,"column":24},"end":{"line":54,"column":5}},"line":34},"2":{"name":"(anonymous_2)","decl":{"start":{"line":57,"column":4},"end":{"line":57,"column":5}},"loc":{"start":{"line":57,"column":27},"end":{"line":131,"column":5}},"line":57},"3":{"name":"(anonymous_3)","decl":{"start":{"line":78,"column":33},"end":{"line":78,"column":34}},"loc":{"start":{"line":78,"column":47},"end":{"line":82,"column":13}},"line":78},"4":{"name":"(anonymous_4)","decl":{"start":{"line":134,"column":4},"end":{"line":134,"column":5}},"loc":{"start":{"line":134,"column":27},"end":{"line":199,"column":5}},"line":134},"5":{"name":"(anonymous_5)","decl":{"start":{"line":157,"column":41},"end":{"line":157,"column":42}},"loc":{"start":{"line":157,"column":50},"end":{"line":163,"column":21}},"line":157}},"branchMap":{"0":{"loc":{"start":{"line":41,"column":8},"end":{"line":47,"column":9}},"type":"if","locations":[{"start":{"line":41,"column":8},"end":{"line":47,"column":9}},{"start":{},"end":{}}],"line":41},"1":{"loc":{"start":{"line":63,"column":12},"end":{"line":69,"column":13}},"type":"if","locations":[{"start":{"line":63,"column":12},"end":{"line":69,"column":13}},{"start":{},"end":{}}],"line":63},"2":{"loc":{"start":{"line":71,"column":12},"end":{"line":76,"column":13}},"type":"if","locations":[{"start":{"line":71,"column":12},"end":{"line":76,"column":13}},{"start":{},"end":{}}],"line":71},"3":{"loc":{"start":{"line":79,"column":16},"end":{"line":79,"column":74}},"type":"if","locations":[{"start":{"line":79,"column":16},"end":{"line":79,"column":74}},{"start":{},"end":{}}],"line":79},"4":{"loc":{"start":{"line":84,"column":36},"end":{"line":84,"column":86}},"type":"cond-expr","locations":[{"start":{"line":84,"column":47},"end":{"line":84,"column":64}},{"start":{"line":84,"column":67},"end":{"line":84,"column":86}}],"line":84},"5":{"loc":{"start":{"line":111,"column":12},"end":{"line":113,"column":13}},"type":"if","locations":[{"start":{"line":111,"column":12},"end":{"line":113,"column":13}},{"start":{},"end":{}}],"line":111},"6":{"loc":{"start":{"line":115,"column":12},"end":{"line":117,"column":13}},"type":"if","locations":[{"start":{"line":115,"column":12},"end":{"line":117,"column":13}},{"start":{},"end":{}}],"line":115},"7":{"loc":{"start":{"line":115,"column":16},"end":{"line":115,"column":52}},"type":"binary-expr","locations":[{"start":{"line":115,"column":16},"end":{"line":115,"column":27}},{"start":{"line":115,"column":31},"end":{"line":115,"column":52}}],"line":115},"8":{"loc":{"start":{"line":119,"column":12},"end":{"line":124,"column":13}},"type":"if","locations":[{"start":{"line":119,"column":12},"end":{"line":124,"column":13}},{"start":{},"end":{}}],"line":119},"9":{"loc":{"start":{"line":119,"column":16},"end":{"line":119,"column":99}},"type":"binary-expr","locations":[{"start":{"line":119,"column":16},"end":{"line":119,"column":63}},{"start":{"line":119,"column":67},"end":{"line":119,"column":99}}],"line":119},"10":{"loc":{"start":{"line":127,"column":21},"end":{"line":127,"column":75}},"type":"binary-expr","locations":[{"start":{"line":127,"column":21},"end":{"line":127,"column":34}},{"start":{"line":127,"column":38},"end":{"line":127,"column":75}}],"line":127},"11":{"loc":{"start":{"line":140,"column":12},"end":{"line":142,"column":13}},"type":"if","locations":[{"start":{"line":140,"column":12},"end":{"line":142,"column":13}},{"start":{},"end":{}}],"line":140},"12":{"loc":{"start":{"line":148,"column":12},"end":{"line":150,"column":13}},"type":"if","locations":[{"start":{"line":148,"column":12},"end":{"line":150,"column":13}},{"start":{},"end":{}}],"line":148},"13":{"loc":{"start":{"line":154,"column":12},"end":{"line":166,"column":13}},"type":"if","locations":[{"start":{"line":154,"column":12},"end":{"line":166,"column":13}},{"start":{},"end":{}}],"line":154},"14":{"loc":{"start":{"line":155,"column":16},"end":{"line":164,"column":17}},"type":"if","locations":[{"start":{"line":155,"column":16},"end":{"line":164,"column":17}},{"start":{},"end":{}}],"line":155},"15":{"loc":{"start":{"line":158,"column":24},"end":{"line":162,"column":25}},"type":"if","locations":[{"start":{"line":158,"column":24},"end":{"line":162,"column":25}},{"start":{"line":160,"column":31},"end":{"line":162,"column":25}}],"line":158},"16":{"loc":{"start":{"line":179,"column":12},"end":{"line":184,"column":13}},"type":"if","locations":[{"start":{"line":179,"column":12},"end":{"line":184,"column":13}},{"start":{},"end":{}}],"line":179}},"s":{"0":1,"1":1,"2":1,"3":1,"4":1,"5":1,"6":1,"7":1,"8":2,"9":2,"10":1,"11":1,"12":2,"13":2,"14":2,"15":1,"16":1,"17":4,"18":4,"19":4,"20":4,"21":4,"22":1,"23":3,"24":1,"25":2,"26":2,"27":0,"28":2,"29":2,"30":2,"31":2,"32":2,"33":1,"34":1,"35":1,"36":1,"37":1,"38":1,"39":1,"40":0,"41":1,"42":4,"43":4,"44":4,"45":1,"46":3,"47":3,"48":1,"49":2,"50":2,"51":1,"52":1,"53":1,"54":1,"55":0,"56":1,"57":1,"58":2,"59":2,"60":2,"61":2,"62":2,"63":2,"64":2,"65":2,"66":2,"67":2,"68":1,"69":1,"70":0,"71":0,"72":1},"f":{"0":2,"1":2,"2":4,"3":2,"4":4,"5":1},"b":{"0":[1,1],"1":[1,3],"2":[1,2],"3":[0,2],"4":[1,1],"5":[1,0],"6":[1,0],"7":[1,1],"8":[0,1],"9":[1,0],"10":[1,0],"11":[1,3],"12":[1,2],"13":[1,1],"14":[1,0],"15":[0,1],"16":[1,1]},"_coverageSchema":"1a1c01bbd47fc00a2c39e90264f33305004495a9","hash":"b66baa032d5b1fd416748032ad5bd8b180b56d77"}
,"/home/hilary-madelein/Documentos/Observatorio_Hidrometeorologico/observatorio_api/controls/MeasurementController.js": {"path":"/home/hilary-madelein/Documentos/Observatorio_Hidrometeorologico/observatorio_api/controls/MeasurementController.js","statementMap":{"0":{"start":{"line":3,"column":23},"end":{"line":3,"column":38}},"1":{"start":{"line":4,"column":15},"end":{"line":4,"column":35}},"2":{"start":{"line":5,"column":15},"end":{"line":5,"column":35}},"3":{"start":{"line":6,"column":18},"end":{"line":6,"column":45}},"4":{"start":{"line":7,"column":16},"end":{"line":7,"column":30}},"5":{"start":{"line":8,"column":17},"end":{"line":8,"column":32}},"6":{"start":{"line":9,"column":20},"end":{"line":9,"column":38}},"7":{"start":{"line":10,"column":23},"end":{"line":10,"column":45}},"8":{"start":{"line":11,"column":25},"end":{"line":11,"column":49}},"9":{"start":{"line":12,"column":22},"end":{"line":12,"column":43}},"10":{"start":{"line":18,"column":27},"end":{"line":18,"column":59}},"11":{"start":{"line":19,"column":22},"end":{"line":19,"column":59}},"12":{"start":{"line":20,"column":8},"end":{"line":20,"column":48}},"13":{"start":{"line":25,"column":4},"end":{"line":61,"column":5}},"14":{"start":{"line":26,"column":8},"end":{"line":57,"column":9}},"15":{"start":{"line":28,"column":30},"end":{"line":28,"column":74}},"16":{"start":{"line":29,"column":16},"end":{"line":29,"column":53}},"17":{"start":{"line":30,"column":16},"end":{"line":30,"column":56}},"18":{"start":{"line":31,"column":16},"end":{"line":31,"column":22}},"19":{"start":{"line":34,"column":30},"end":{"line":34,"column":74}},"20":{"start":{"line":35,"column":16},"end":{"line":35,"column":53}},"21":{"start":{"line":36,"column":16},"end":{"line":36,"column":56}},"22":{"start":{"line":37,"column":16},"end":{"line":37,"column":22}},"23":{"start":{"line":40,"column":30},"end":{"line":40,"column":74}},"24":{"start":{"line":41,"column":16},"end":{"line":41,"column":53}},"25":{"start":{"line":42,"column":16},"end":{"line":42,"column":56}},"26":{"start":{"line":43,"column":16},"end":{"line":43,"column":22}},"27":{"start":{"line":46,"column":26},"end":{"line":46,"column":51}},"28":{"start":{"line":47,"column":26},"end":{"line":47,"column":48}},"29":{"start":{"line":48,"column":26},"end":{"line":48,"column":47}},"30":{"start":{"line":49,"column":30},"end":{"line":49,"column":56}},"31":{"start":{"line":50,"column":28},"end":{"line":50,"column":57}},"32":{"start":{"line":51,"column":16},"end":{"line":51,"column":53}},"33":{"start":{"line":52,"column":16},"end":{"line":52,"column":48}},"34":{"start":{"line":53,"column":16},"end":{"line":53,"column":22}},"35":{"start":{"line":56,"column":16},"end":{"line":56,"column":62}},"36":{"start":{"line":60,"column":8},"end":{"line":60,"column":62}},"37":{"start":{"line":63,"column":4},"end":{"line":63,"column":50}},"38":{"start":{"line":74,"column":48},"end":{"line":74,"column":56}},"39":{"start":{"line":76,"column":8},"end":{"line":78,"column":9}},"40":{"start":{"line":77,"column":12},"end":{"line":77,"column":81}},"41":{"start":{"line":80,"column":8},"end":{"line":144,"column":9}},"42":{"start":{"line":81,"column":28},"end":{"line":81,"column":88}},"43":{"start":{"line":82,"column":12},"end":{"line":84,"column":13}},"44":{"start":{"line":83,"column":16},"end":{"line":83,"column":90}},"45":{"start":{"line":86,"column":38},"end":{"line":86,"column":40}},"46":{"start":{"line":88,"column":32},"end":{"line":88,"column":36}},"47":{"start":{"line":90,"column":12},"end":{"line":124,"column":13}},"48":{"start":{"line":91,"column":30},"end":{"line":91,"column":50}},"49":{"start":{"line":92,"column":16},"end":{"line":92,"column":43}},"50":{"start":{"line":92,"column":34},"end":{"line":92,"column":43}},"51":{"start":{"line":94,"column":16},"end":{"line":96,"column":17}},"52":{"start":{"line":95,"column":20},"end":{"line":95,"column":29}},"53":{"start":{"line":98,"column":35},"end":{"line":100,"column":18}},"54":{"start":{"line":101,"column":16},"end":{"line":101,"column":42}},"55":{"start":{"line":101,"column":33},"end":{"line":101,"column":42}},"56":{"start":{"line":103,"column":33},"end":{"line":107,"column":18}},"57":{"start":{"line":109,"column":16},"end":{"line":116,"column":19}},"58":{"start":{"line":118,"column":16},"end":{"line":123,"column":19}},"59":{"start":{"line":126,"column":12},"end":{"line":130,"column":13}},"60":{"start":{"line":127,"column":16},"end":{"line":127,"column":68}},"61":{"start":{"line":129,"column":16},"end":{"line":129,"column":67}},"62":{"start":{"line":132,"column":12},"end":{"line":136,"column":15}},"63":{"start":{"line":139,"column":12},"end":{"line":139,"column":33}},"64":{"start":{"line":140,"column":12},"end":{"line":143,"column":15}},"65":{"start":{"line":151,"column":8},"end":{"line":184,"column":9}},"66":{"start":{"line":152,"column":30},"end":{"line":165,"column":14}},"67":{"start":{"line":167,"column":30},"end":{"line":167,"column":32}},"68":{"start":{"line":168,"column":12},"end":{"line":177,"column":15}},"69":{"start":{"line":169,"column":16},"end":{"line":176,"column":17}},"70":{"start":{"line":170,"column":20},"end":{"line":175,"column":22}},"71":{"start":{"line":179,"column":27},"end":{"line":179,"column":51}},"72":{"start":{"line":180,"column":12},"end":{"line":180,"column":96}},"73":{"start":{"line":182,"column":12},"end":{"line":182,"column":33}},"74":{"start":{"line":183,"column":12},"end":{"line":183,"column":99}},"75":{"start":{"line":192,"column":36},"end":{"line":192,"column":45}},"76":{"start":{"line":193,"column":22},"end":{"line":193,"column":32}},"77":{"start":{"line":195,"column":8},"end":{"line":197,"column":9}},"78":{"start":{"line":196,"column":12},"end":{"line":196,"column":78}},"79":{"start":{"line":199,"column":8},"end":{"line":309,"column":9}},"80":{"start":{"line":200,"column":46},"end":{"line":200,"column":98}},"81":{"start":{"line":202,"column":12},"end":{"line":241,"column":13}},"82":{"start":{"line":203,"column":28},"end":{"line":220,"column":13}},"83":{"start":{"line":222,"column":27},"end":{"line":225,"column":18}},"84":{"start":{"line":227,"column":16},"end":{"line":227,"column":76}},"85":{"start":{"line":227,"column":40},"end":{"line":227,"column":74}},"86":{"start":{"line":229,"column":29},"end":{"line":236,"column":19}},"87":{"start":{"line":229,"column":44},"end":{"line":236,"column":17}},"88":{"start":{"line":238,"column":16},"end":{"line":238,"column":56}},"89":{"start":{"line":240,"column":16},"end":{"line":240,"column":83}},"90":{"start":{"line":243,"column":27},"end":{"line":264,"column":11}},"91":{"start":{"line":266,"column":22},"end":{"line":269,"column":14}},"92":{"start":{"line":271,"column":12},"end":{"line":277,"column":15}},"93":{"start":{"line":272,"column":16},"end":{"line":272,"column":74}},"94":{"start":{"line":272,"column":61},"end":{"line":272,"column":74}},"95":{"start":{"line":273,"column":16},"end":{"line":273,"column":70}},"96":{"start":{"line":273,"column":57},"end":{"line":273,"column":70}},"97":{"start":{"line":274,"column":16},"end":{"line":274,"column":70}},"98":{"start":{"line":274,"column":57},"end":{"line":274,"column":70}},"99":{"start":{"line":275,"column":16},"end":{"line":275,"column":66}},"100":{"start":{"line":275,"column":53},"end":{"line":275,"column":66}},"101":{"start":{"line":276,"column":16},"end":{"line":276,"column":28}},"102":{"start":{"line":280,"column":30},"end":{"line":280,"column":32}},"103":{"start":{"line":281,"column":12},"end":{"line":298,"column":15}},"104":{"start":{"line":282,"column":28},"end":{"line":282,"column":61}},"105":{"start":{"line":283,"column":16},"end":{"line":289,"column":17}},"106":{"start":{"line":284,"column":20},"end":{"line":288,"column":22}},"107":{"start":{"line":290,"column":28},"end":{"line":290,"column":30}},"108":{"start":{"line":291,"column":16},"end":{"line":291,"column":90}},"109":{"start":{"line":291,"column":40},"end":{"line":291,"column":90}},"110":{"start":{"line":292,"column":16},"end":{"line":292,"column":69}},"111":{"start":{"line":292,"column":38},"end":{"line":292,"column":69}},"112":{"start":{"line":293,"column":16},"end":{"line":293,"column":69}},"113":{"start":{"line":293,"column":38},"end":{"line":293,"column":69}},"114":{"start":{"line":294,"column":16},"end":{"line":294,"column":66}},"115":{"start":{"line":294,"column":36},"end":{"line":294,"column":66}},"116":{"start":{"line":295,"column":16},"end":{"line":295,"column":43}},"117":{"start":{"line":296,"column":16},"end":{"line":296,"column":38}},"118":{"start":{"line":297,"column":16},"end":{"line":297,"column":60}},"119":{"start":{"line":300,"column":12},"end":{"line":304,"column":15}},"120":{"start":{"line":307,"column":12},"end":{"line":307,"column":65}},"121":{"start":{"line":308,"column":12},"end":{"line":308,"column":69}},"122":{"start":{"line":316,"column":8},"end":{"line":396,"column":9}},"123":{"start":{"line":317,"column":25},"end":{"line":321,"column":14}},"124":{"start":{"line":322,"column":26},"end":{"line":322,"column":72}},"125":{"start":{"line":324,"column":24},"end":{"line":346,"column":13}},"126":{"start":{"line":348,"column":28},"end":{"line":351,"column":14}},"127":{"start":{"line":352,"column":26},"end":{"line":355,"column":18}},"128":{"start":{"line":353,"column":16},"end":{"line":353,"column":40}},"129":{"start":{"line":354,"column":16},"end":{"line":354,"column":25}},"130":{"start":{"line":357,"column":32},"end":{"line":357,"column":36}},"131":{"start":{"line":359,"column":28},"end":{"line":359,"column":30}},"132":{"start":{"line":360,"column":12},"end":{"line":379,"column":13}},"133":{"start":{"line":361,"column":16},"end":{"line":378,"column":19}},"134":{"start":{"line":362,"column":34},"end":{"line":362,"column":56}},"135":{"start":{"line":363,"column":20},"end":{"line":377,"column":21}},"136":{"start":{"line":368,"column":24},"end":{"line":376,"column":27}},"137":{"start":{"line":381,"column":12},"end":{"line":383,"column":13}},"138":{"start":{"line":382,"column":16},"end":{"line":382,"column":59}},"139":{"start":{"line":385,"column":12},"end":{"line":389,"column":15}},"140":{"start":{"line":391,"column":12},"end":{"line":391,"column":33}},"141":{"start":{"line":392,"column":12},"end":{"line":395,"column":15}},"142":{"start":{"line":404,"column":8},"end":{"line":427,"column":9}},"143":{"start":{"line":405,"column":27},"end":{"line":405,"column":69}},"144":{"start":{"line":406,"column":40},"end":{"line":408,"column":14}},"145":{"start":{"line":409,"column":38},"end":{"line":417,"column":14}},"146":{"start":{"line":418,"column":12},"end":{"line":423,"column":15}},"147":{"start":{"line":425,"column":12},"end":{"line":425,"column":33}},"148":{"start":{"line":426,"column":12},"end":{"line":426,"column":121}},"149":{"start":{"line":434,"column":8},"end":{"line":445,"column":9}},"150":{"start":{"line":435,"column":12},"end":{"line":435,"column":81}},"151":{"start":{"line":437,"column":12},"end":{"line":437,"column":78}},"152":{"start":{"line":439,"column":12},"end":{"line":439,"column":91}},"153":{"start":{"line":441,"column":12},"end":{"line":441,"column":33}},"154":{"start":{"line":442,"column":12},"end":{"line":444,"column":89}},"155":{"start":{"line":451,"column":0},"end":{"line":451,"column":39}},"156":{"start":{"line":452,"column":0},"end":{"line":452,"column":47}}},"fnMap":{"0":{"name":"calcularFechas","decl":{"start":{"line":15,"column":9},"end":{"line":15,"column":23}},"loc":{"start":{"line":15,"column":87},"end":{"line":64,"column":1}},"line":15},"1":{"name":"toLocalISOStringNoTZ","decl":{"start":{"line":17,"column":13},"end":{"line":17,"column":33}},"loc":{"start":{"line":17,"column":40},"end":{"line":21,"column":5}},"line":17},"2":{"name":"(anonymous_2)","decl":{"start":{"line":73,"column":4},"end":{"line":73,"column":5}},"loc":{"start":{"line":73,"column":32},"end":{"line":145,"column":5}},"line":73},"3":{"name":"(anonymous_3)","decl":{"start":{"line":150,"column":4},"end":{"line":150,"column":5}},"loc":{"start":{"line":150,"column":41},"end":{"line":185,"column":5}},"line":150},"4":{"name":"(anonymous_4)","decl":{"start":{"line":168,"column":28},"end":{"line":168,"column":29}},"loc":{"start":{"line":168,"column":35},"end":{"line":177,"column":13}},"line":168},"5":{"name":"(anonymous_5)","decl":{"start":{"line":191,"column":4},"end":{"line":191,"column":5}},"loc":{"start":{"line":191,"column":43},"end":{"line":310,"column":5}},"line":191},"6":{"name":"(anonymous_6)","decl":{"start":{"line":227,"column":35},"end":{"line":227,"column":36}},"loc":{"start":{"line":227,"column":40},"end":{"line":227,"column":74}},"line":227},"7":{"name":"(anonymous_7)","decl":{"start":{"line":229,"column":38},"end":{"line":229,"column":39}},"loc":{"start":{"line":229,"column":44},"end":{"line":236,"column":17}},"line":229},"8":{"name":"(anonymous_8)","decl":{"start":{"line":271,"column":29},"end":{"line":271,"column":30}},"loc":{"start":{"line":271,"column":34},"end":{"line":277,"column":13}},"line":271},"9":{"name":"(anonymous_9)","decl":{"start":{"line":281,"column":24},"end":{"line":281,"column":25}},"loc":{"start":{"line":281,"column":29},"end":{"line":298,"column":13}},"line":281},"10":{"name":"(anonymous_10)","decl":{"start":{"line":315,"column":4},"end":{"line":315,"column":5}},"loc":{"start":{"line":315,"column":35},"end":{"line":397,"column":5}},"line":315},"11":{"name":"(anonymous_11)","decl":{"start":{"line":352,"column":41},"end":{"line":352,"column":42}},"loc":{"start":{"line":352,"column":52},"end":{"line":355,"column":13}},"line":352},"12":{"name":"(anonymous_12)","decl":{"start":{"line":361,"column":59},"end":{"line":361,"column":60}},"loc":{"start":{"line":361,"column":68},"end":{"line":378,"column":17}},"line":361},"13":{"name":"(anonymous_13)","decl":{"start":{"line":403,"column":4},"end":{"line":403,"column":5}},"loc":{"start":{"line":403,"column":41},"end":{"line":428,"column":5}},"line":403},"14":{"name":"(anonymous_14)","decl":{"start":{"line":433,"column":4},"end":{"line":433,"column":5}},"loc":{"start":{"line":433,"column":37},"end":{"line":446,"column":5}},"line":433}},"branchMap":{"0":{"loc":{"start":{"line":25,"column":4},"end":{"line":61,"column":5}},"type":"if","locations":[{"start":{"line":25,"column":4},"end":{"line":61,"column":5}},{"start":{"line":59,"column":11},"end":{"line":61,"column":5}}],"line":25},"1":{"loc":{"start":{"line":26,"column":8},"end":{"line":57,"column":9}},"type":"switch","locations":[{"start":{"line":27,"column":12},"end":{"line":32,"column":13}},{"start":{"line":33,"column":12},"end":{"line":38,"column":13}},{"start":{"line":39,"column":12},"end":{"line":44,"column":13}},{"start":{"line":45,"column":12},"end":{"line":54,"column":13}},{"start":{"line":55,"column":12},"end":{"line":56,"column":62}}],"line":26},"2":{"loc":{"start":{"line":76,"column":8},"end":{"line":78,"column":9}},"type":"if","locations":[{"start":{"line":76,"column":8},"end":{"line":78,"column":9}},{"start":{},"end":{}}],"line":76},"3":{"loc":{"start":{"line":76,"column":12},"end":{"line":76,"column":46}},"type":"binary-expr","locations":[{"start":{"line":76,"column":12},"end":{"line":76,"column":18}},{"start":{"line":76,"column":22},"end":{"line":76,"column":34}},{"start":{"line":76,"column":38},"end":{"line":76,"column":46}}],"line":76},"4":{"loc":{"start":{"line":82,"column":12},"end":{"line":84,"column":13}},"type":"if","locations":[{"start":{"line":82,"column":12},"end":{"line":84,"column":13}},{"start":{},"end":{}}],"line":82},"5":{"loc":{"start":{"line":92,"column":16},"end":{"line":92,"column":43}},"type":"if","locations":[{"start":{"line":92,"column":16},"end":{"line":92,"column":43}},{"start":{},"end":{}}],"line":92},"6":{"loc":{"start":{"line":94,"column":16},"end":{"line":96,"column":17}},"type":"if","locations":[{"start":{"line":94,"column":16},"end":{"line":96,"column":17}},{"start":{},"end":{}}],"line":94},"7":{"loc":{"start":{"line":101,"column":16},"end":{"line":101,"column":42}},"type":"if","locations":[{"start":{"line":101,"column":16},"end":{"line":101,"column":42}},{"start":{},"end":{}}],"line":101},"8":{"loc":{"start":{"line":121,"column":28},"end":{"line":121,"column":57}},"type":"binary-expr","locations":[{"start":{"line":121,"column":28},"end":{"line":121,"column":51}},{"start":{"line":121,"column":55},"end":{"line":121,"column":57}}],"line":121},"9":{"loc":{"start":{"line":169,"column":16},"end":{"line":176,"column":17}},"type":"if","locations":[{"start":{"line":169,"column":16},"end":{"line":176,"column":17}},{"start":{},"end":{}}],"line":169},"10":{"loc":{"start":{"line":195,"column":8},"end":{"line":197,"column":9}},"type":"if","locations":[{"start":{"line":195,"column":8},"end":{"line":197,"column":9}},{"start":{},"end":{}}],"line":195},"11":{"loc":{"start":{"line":195,"column":12},"end":{"line":195,"column":75}},"type":"binary-expr","locations":[{"start":{"line":195,"column":12},"end":{"line":195,"column":18}},{"start":{"line":195,"column":22},"end":{"line":195,"column":75}}],"line":195},"12":{"loc":{"start":{"line":202,"column":12},"end":{"line":241,"column":13}},"type":"if","locations":[{"start":{"line":202,"column":12},"end":{"line":241,"column":13}},{"start":{},"end":{}}],"line":202},"13":{"loc":{"start":{"line":223,"column":69},"end":{"line":223,"column":85}},"type":"binary-expr","locations":[{"start":{"line":223,"column":69},"end":{"line":223,"column":77}},{"start":{"line":223,"column":81},"end":{"line":223,"column":85}}],"line":223},"14":{"loc":{"start":{"line":227,"column":40},"end":{"line":227,"column":74}},"type":"binary-expr","locations":[{"start":{"line":227,"column":40},"end":{"line":227,"column":55}},{"start":{"line":227,"column":59},"end":{"line":227,"column":74}}],"line":227},"15":{"loc":{"start":{"line":267,"column":65},"end":{"line":267,"column":81}},"type":"binary-expr","locations":[{"start":{"line":267,"column":65},"end":{"line":267,"column":73}},{"start":{"line":267,"column":77},"end":{"line":267,"column":81}}],"line":267},"16":{"loc":{"start":{"line":272,"column":16},"end":{"line":272,"column":74}},"type":"if","locations":[{"start":{"line":272,"column":16},"end":{"line":272,"column":74}},{"start":{},"end":{}}],"line":272},"17":{"loc":{"start":{"line":272,"column":20},"end":{"line":272,"column":59}},"type":"binary-expr","locations":[{"start":{"line":272,"column":20},"end":{"line":272,"column":38}},{"start":{"line":272,"column":42},"end":{"line":272,"column":59}}],"line":272},"18":{"loc":{"start":{"line":273,"column":16},"end":{"line":273,"column":70}},"type":"if","locations":[{"start":{"line":273,"column":16},"end":{"line":273,"column":70}},{"start":{},"end":{}}],"line":273},"19":{"loc":{"start":{"line":273,"column":20},"end":{"line":273,"column":55}},"type":"binary-expr","locations":[{"start":{"line":273,"column":20},"end":{"line":273,"column":36}},{"start":{"line":273,"column":40},"end":{"line":273,"column":55}}],"line":273},"20":{"loc":{"start":{"line":274,"column":16},"end":{"line":274,"column":70}},"type":"if","locations":[{"start":{"line":274,"column":16},"end":{"line":274,"column":70}},{"start":{},"end":{}}],"line":274},"21":{"loc":{"start":{"line":274,"column":20},"end":{"line":274,"column":55}},"type":"binary-expr","locations":[{"start":{"line":274,"column":20},"end":{"line":274,"column":36}},{"start":{"line":274,"column":40},"end":{"line":274,"column":55}}],"line":274},"22":{"loc":{"start":{"line":275,"column":16},"end":{"line":275,"column":66}},"type":"if","locations":[{"start":{"line":275,"column":16},"end":{"line":275,"column":66}},{"start":{},"end":{}}],"line":275},"23":{"loc":{"start":{"line":275,"column":20},"end":{"line":275,"column":51}},"type":"binary-expr","locations":[{"start":{"line":275,"column":20},"end":{"line":275,"column":34}},{"start":{"line":275,"column":38},"end":{"line":275,"column":51}}],"line":275},"24":{"loc":{"start":{"line":283,"column":16},"end":{"line":289,"column":17}},"type":"if","locations":[{"start":{"line":283,"column":16},"end":{"line":289,"column":17}},{"start":{},"end":{}}],"line":283},"25":{"loc":{"start":{"line":291,"column":16},"end":{"line":291,"column":90}},"type":"if","locations":[{"start":{"line":291,"column":16},"end":{"line":291,"column":90}},{"start":{},"end":{}}],"line":291},"26":{"loc":{"start":{"line":292,"column":16},"end":{"line":292,"column":69}},"type":"if","locations":[{"start":{"line":292,"column":16},"end":{"line":292,"column":69}},{"start":{},"end":{}}],"line":292},"27":{"loc":{"start":{"line":293,"column":16},"end":{"line":293,"column":69}},"type":"if","locations":[{"start":{"line":293,"column":16},"end":{"line":293,"column":69}},{"start":{},"end":{}}],"line":293},"28":{"loc":{"start":{"line":294,"column":16},"end":{"line":294,"column":66}},"type":"if","locations":[{"start":{"line":294,"column":16},"end":{"line":294,"column":66}},{"start":{},"end":{}}],"line":294},"29":{"loc":{"start":{"line":322,"column":26},"end":{"line":322,"column":72}},"type":"cond-expr","locations":[{"start":{"line":322,"column":33},"end":{"line":322,"column":58}},{"start":{"line":322,"column":61},"end":{"line":322,"column":72}}],"line":322},"30":{"loc":{"start":{"line":363,"column":20},"end":{"line":377,"column":21}},"type":"if","locations":[{"start":{"line":363,"column":20},"end":{"line":377,"column":21}},{"start":{},"end":{}}],"line":363},"31":{"loc":{"start":{"line":364,"column":24},"end":{"line":366,"column":44}},"type":"binary-expr","locations":[{"start":{"line":364,"column":24},"end":{"line":364,"column":37}},{"start":{"line":365,"column":24},"end":{"line":365,"column":36}},{"start":{"line":366,"column":24},"end":{"line":366,"column":44}}],"line":364},"32":{"loc":{"start":{"line":381,"column":12},"end":{"line":383,"column":13}},"type":"if","locations":[{"start":{"line":381,"column":12},"end":{"line":383,"column":13}},{"start":{},"end":{}}],"line":381}},"s":{"0":1,"1":1,"2":1,"3":1,"4":1,"5":1,"6":1,"7":1,"8":1,"9":1,"10":18,"11":18,"12":18,"13":11,"14":10,"15":2,"16":2,"17":2,"18":2,"19":2,"20":2,"21":2,"22":2,"23":2,"24":2,"25":2,"26":2,"27":3,"28":3,"29":3,"30":3,"31":3,"32":3,"33":3,"34":3,"35":1,"36":1,"37":9,"38":4,"39":4,"40":1,"41":3,"42":3,"43":2,"44":1,"45":1,"46":1,"47":1,"48":3,"49":3,"50":1,"51":2,"52":1,"53":1,"54":1,"55":0,"56":1,"57":1,"58":1,"59":1,"60":1,"61":0,"62":1,"63":1,"64":1,"65":2,"66":2,"67":1,"68":1,"69":1,"70":1,"71":1,"72":1,"73":1,"74":1,"75":6,"76":6,"77":6,"78":1,"79":5,"80":5,"81":5,"82":3,"83":3,"84":3,"85":3,"86":3,"87":3,"88":3,"89":3,"90":2,"91":2,"92":1,"93":1,"94":0,"95":1,"96":0,"97":1,"98":0,"99":1,"100":0,"101":1,"102":1,"103":1,"104":1,"105":1,"106":1,"107":1,"108":1,"109":1,"110":1,"111":1,"112":1,"113":1,"114":1,"115":1,"116":1,"117":1,"118":1,"119":1,"120":1,"121":1,"122":3,"123":3,"124":2,"125":2,"126":2,"127":2,"128":4,"129":4,"130":2,"131":2,"132":2,"133":1,"134":4,"135":4,"136":4,"137":2,"138":1,"139":2,"140":1,"141":1,"142":0,"143":0,"144":0,"145":0,"146":0,"147":0,"148":0,"149":2,"150":2,"151":1,"152":1,"153":1,"154":1,"155":1,"156":1},"f":{"0":11,"1":18,"2":4,"3":2,"4":1,"5":6,"6":3,"7":3,"8":1,"9":1,"10":3,"11":4,"12":4,"13":0,"14":2},"b":{"0":[10,1],"1":[2,2,2,3,1],"2":[1,3],"3":[4,3,3],"4":[1,1],"5":[1,2],"6":[1,1],"7":[0,1],"8":[1,0],"9":[1,0],"10":[1,5],"11":[6,6],"12":[3,2],"13":[3,0],"14":[3,3],"15":[2,2],"16":[0,1],"17":[1,1],"18":[0,1],"19":[1,1],"20":[0,1],"21":[1,1],"22":[0,1],"23":[1,1],"24":[1,0],"25":[1,0],"26":[1,0],"27":[1,0],"28":[1,0],"29":[0,2],"30":[4,0],"31":[4,4,4],"32":[1,1]},"_coverageSchema":"1a1c01bbd47fc00a2c39e90264f33305004495a9","hash":"3aee97d0f95e0877ece58f1cd798f5ac9660be3e"}
,"/home/hilary-madelein/Documentos/Observatorio_Hidrometeorologico/observatorio_api/controls/MicrobasinController.js": {"path":"/home/hilary-madelein/Documentos/Observatorio_Hidrometeorologico/observatorio_api/controls/MicrobasinController.js","statementMap":{"0":{"start":{"line":2,"column":29},"end":{"line":2,"column":57}},"1":{"start":{"line":3,"column":15},"end":{"line":3,"column":35}},"2":{"start":{"line":4,"column":13},"end":{"line":4,"column":28}},"3":{"start":{"line":5,"column":13},"end":{"line":5,"column":28}},"4":{"start":{"line":6,"column":11},"end":{"line":6,"column":24}},"5":{"start":{"line":8,"column":19},"end":{"line":8,"column":36}},"6":{"start":{"line":9,"column":16},"end":{"line":9,"column":30}},"7":{"start":{"line":14,"column":8},"end":{"line":22,"column":9}},"8":{"start":{"line":15,"column":28},"end":{"line":18,"column":14}},"9":{"start":{"line":19,"column":12},"end":{"line":19,"column":63}},"10":{"start":{"line":21,"column":12},"end":{"line":21,"column":116}},"11":{"start":{"line":26,"column":8},"end":{"line":34,"column":9}},"12":{"start":{"line":27,"column":28},"end":{"line":30,"column":14}},"13":{"start":{"line":31,"column":12},"end":{"line":31,"column":63}},"14":{"start":{"line":33,"column":12},"end":{"line":33,"column":116}},"15":{"start":{"line":38,"column":8},"end":{"line":46,"column":9}},"16":{"start":{"line":39,"column":28},"end":{"line":41,"column":14}},"17":{"start":{"line":43,"column":12},"end":{"line":43,"column":63}},"18":{"start":{"line":45,"column":12},"end":{"line":45,"column":116}},"19":{"start":{"line":50,"column":25},"end":{"line":50,"column":44}},"20":{"start":{"line":51,"column":23},"end":{"line":54,"column":10}},"21":{"start":{"line":56,"column":8},"end":{"line":62,"column":9}},"22":{"start":{"line":57,"column":12},"end":{"line":61,"column":15}},"23":{"start":{"line":64,"column":8},"end":{"line":68,"column":11}},"24":{"start":{"line":72,"column":8},"end":{"line":90,"column":9}},"25":{"start":{"line":73,"column":28},"end":{"line":79,"column":14}},"26":{"start":{"line":81,"column":12},"end":{"line":83,"column":13}},"27":{"start":{"line":82,"column":16},"end":{"line":82,"column":104}},"28":{"start":{"line":85,"column":12},"end":{"line":85,"column":82}},"29":{"start":{"line":88,"column":12},"end":{"line":88,"column":33}},"30":{"start":{"line":89,"column":12},"end":{"line":89,"column":112}},"31":{"start":{"line":94,"column":8},"end":{"line":113,"column":9}},"32":{"start":{"line":95,"column":28},"end":{"line":102,"column":14}},"33":{"start":{"line":104,"column":12},"end":{"line":106,"column":13}},"34":{"start":{"line":105,"column":16},"end":{"line":105,"column":104}},"35":{"start":{"line":108,"column":12},"end":{"line":108,"column":82}},"36":{"start":{"line":111,"column":12},"end":{"line":111,"column":33}},"37":{"start":{"line":112,"column":12},"end":{"line":112,"column":112}},"38":{"start":{"line":117,"column":28},"end":{"line":117,"column":64}},"39":{"start":{"line":119,"column":8},"end":{"line":153,"column":9}},"40":{"start":{"line":120,"column":27},"end":{"line":120,"column":48}},"41":{"start":{"line":121,"column":12},"end":{"line":127,"column":13}},"42":{"start":{"line":122,"column":16},"end":{"line":126,"column":19}},"43":{"start":{"line":129,"column":36},"end":{"line":129,"column":53}},"44":{"start":{"line":131,"column":25},"end":{"line":136,"column":13}},"45":{"start":{"line":138,"column":12},"end":{"line":138,"column":59}},"46":{"start":{"line":139,"column":12},"end":{"line":139,"column":39}},"47":{"start":{"line":141,"column":12},"end":{"line":141,"column":102}},"48":{"start":{"line":144,"column":12},"end":{"line":146,"column":13}},"49":{"start":{"line":145,"column":16},"end":{"line":145,"column":104}},"50":{"start":{"line":148,"column":12},"end":{"line":150,"column":13}},"51":{"start":{"line":149,"column":16},"end":{"line":149,"column":45}},"52":{"start":{"line":152,"column":12},"end":{"line":152,"column":116}},"53":{"start":{"line":157,"column":8},"end":{"line":194,"column":9}},"54":{"start":{"line":158,"column":29},"end":{"line":158,"column":103}},"55":{"start":{"line":160,"column":12},"end":{"line":162,"column":13}},"56":{"start":{"line":161,"column":16},"end":{"line":161,"column":89}},"57":{"start":{"line":164,"column":34},"end":{"line":164,"column":50}},"58":{"start":{"line":166,"column":12},"end":{"line":175,"column":13}},"59":{"start":{"line":167,"column":16},"end":{"line":173,"column":17}},"60":{"start":{"line":168,"column":38},"end":{"line":168,"column":109}},"61":{"start":{"line":169,"column":20},"end":{"line":172,"column":23}},"62":{"start":{"line":170,"column":24},"end":{"line":171,"column":74}},"63":{"start":{"line":170,"column":33},"end":{"line":170,"column":91}},"64":{"start":{"line":171,"column":29},"end":{"line":171,"column":74}},"65":{"start":{"line":174,"column":16},"end":{"line":174,"column":52}},"66":{"start":{"line":177,"column":12},"end":{"line":177,"column":44}},"67":{"start":{"line":178,"column":12},"end":{"line":178,"column":46}},"68":{"start":{"line":179,"column":12},"end":{"line":179,"column":47}},"69":{"start":{"line":180,"column":12},"end":{"line":180,"column":56}},"70":{"start":{"line":181,"column":12},"end":{"line":181,"column":45}},"71":{"start":{"line":183,"column":27},"end":{"line":183,"column":48}},"72":{"start":{"line":185,"column":12},"end":{"line":187,"column":13}},"73":{"start":{"line":186,"column":16},"end":{"line":186,"column":117}},"74":{"start":{"line":189,"column":12},"end":{"line":189,"column":101}},"75":{"start":{"line":192,"column":12},"end":{"line":192,"column":58}},"76":{"start":{"line":193,"column":12},"end":{"line":193,"column":91}},"77":{"start":{"line":198,"column":8},"end":{"line":222,"column":9}},"78":{"start":{"line":199,"column":32},"end":{"line":199,"column":54}},"79":{"start":{"line":201,"column":31},"end":{"line":203,"column":14}},"80":{"start":{"line":205,"column":12},"end":{"line":207,"column":13}},"81":{"start":{"line":206,"column":16},"end":{"line":206,"column":93}},"82":{"start":{"line":210,"column":12},"end":{"line":210,"column":51}},"83":{"start":{"line":211,"column":12},"end":{"line":211,"column":36}},"84":{"start":{"line":213,"column":12},"end":{"line":217,"column":15}},"85":{"start":{"line":220,"column":12},"end":{"line":220,"column":64}},"86":{"start":{"line":221,"column":12},"end":{"line":221,"column":90}},"87":{"start":{"line":226,"column":0},"end":{"line":226,"column":38}}},"fnMap":{"0":{"name":"(anonymous_0)","decl":{"start":{"line":13,"column":4},"end":{"line":13,"column":5}},"loc":{"start":{"line":13,"column":31},"end":{"line":23,"column":5}},"line":13},"1":{"name":"(anonymous_1)","decl":{"start":{"line":25,"column":4},"end":{"line":25,"column":5}},"loc":{"start":{"line":25,"column":33},"end":{"line":35,"column":5}},"line":25},"2":{"name":"(anonymous_2)","decl":{"start":{"line":37,"column":4},"end":{"line":37,"column":5}},"loc":{"start":{"line":37,"column":25},"end":{"line":47,"column":5}},"line":37},"3":{"name":"(anonymous_3)","decl":{"start":{"line":49,"column":4},"end":{"line":49,"column":5}},"loc":{"start":{"line":49,"column":24},"end":{"line":69,"column":5}},"line":49},"4":{"name":"(anonymous_4)","decl":{"start":{"line":71,"column":4},"end":{"line":71,"column":5}},"loc":{"start":{"line":71,"column":32},"end":{"line":91,"column":5}},"line":71},"5":{"name":"(anonymous_5)","decl":{"start":{"line":93,"column":4},"end":{"line":93,"column":5}},"loc":{"start":{"line":93,"column":36},"end":{"line":114,"column":5}},"line":93},"6":{"name":"(anonymous_6)","decl":{"start":{"line":116,"column":4},"end":{"line":116,"column":5}},"loc":{"start":{"line":116,"column":27},"end":{"line":154,"column":5}},"line":116},"7":{"name":"(anonymous_7)","decl":{"start":{"line":156,"column":4},"end":{"line":156,"column":5}},"loc":{"start":{"line":156,"column":27},"end":{"line":195,"column":5}},"line":156},"8":{"name":"(anonymous_8)","decl":{"start":{"line":169,"column":41},"end":{"line":169,"column":42}},"loc":{"start":{"line":169,"column":50},"end":{"line":172,"column":21}},"line":169},"9":{"name":"(anonymous_9)","decl":{"start":{"line":197,"column":4},"end":{"line":197,"column":5}},"loc":{"start":{"line":197,"column":33},"end":{"line":223,"column":5}},"line":197}},"branchMap":{"0":{"loc":{"start":{"line":56,"column":8},"end":{"line":62,"column":9}},"type":"if","locations":[{"start":{"line":56,"column":8},"end":{"line":62,"column":9}},{"start":{},"end":{}}],"line":56},"1":{"loc":{"start":{"line":81,"column":12},"end":{"line":83,"column":13}},"type":"if","locations":[{"start":{"line":81,"column":12},"end":{"line":83,"column":13}},{"start":{},"end":{}}],"line":81},"2":{"loc":{"start":{"line":104,"column":12},"end":{"line":106,"column":13}},"type":"if","locations":[{"start":{"line":104,"column":12},"end":{"line":106,"column":13}},{"start":{},"end":{}}],"line":104},"3":{"loc":{"start":{"line":121,"column":12},"end":{"line":127,"column":13}},"type":"if","locations":[{"start":{"line":121,"column":12},"end":{"line":127,"column":13}},{"start":{},"end":{}}],"line":121},"4":{"loc":{"start":{"line":144,"column":12},"end":{"line":146,"column":13}},"type":"if","locations":[{"start":{"line":144,"column":12},"end":{"line":146,"column":13}},{"start":{},"end":{}}],"line":144},"5":{"loc":{"start":{"line":148,"column":12},"end":{"line":150,"column":13}},"type":"if","locations":[{"start":{"line":148,"column":12},"end":{"line":150,"column":13}},{"start":{},"end":{}}],"line":148},"6":{"loc":{"start":{"line":148,"column":16},"end":{"line":148,"column":52}},"type":"binary-expr","locations":[{"start":{"line":148,"column":16},"end":{"line":148,"column":27}},{"start":{"line":148,"column":31},"end":{"line":148,"column":52}}],"line":148},"7":{"loc":{"start":{"line":152,"column":47},"end":{"line":152,"column":101}},"type":"binary-expr","locations":[{"start":{"line":152,"column":47},"end":{"line":152,"column":60}},{"start":{"line":152,"column":64},"end":{"line":152,"column":101}}],"line":152},"8":{"loc":{"start":{"line":160,"column":12},"end":{"line":162,"column":13}},"type":"if","locations":[{"start":{"line":160,"column":12},"end":{"line":162,"column":13}},{"start":{},"end":{}}],"line":160},"9":{"loc":{"start":{"line":166,"column":12},"end":{"line":175,"column":13}},"type":"if","locations":[{"start":{"line":166,"column":12},"end":{"line":175,"column":13}},{"start":{},"end":{}}],"line":166},"10":{"loc":{"start":{"line":167,"column":16},"end":{"line":173,"column":17}},"type":"if","locations":[{"start":{"line":167,"column":16},"end":{"line":173,"column":17}},{"start":{},"end":{}}],"line":167},"11":{"loc":{"start":{"line":170,"column":24},"end":{"line":171,"column":74}},"type":"if","locations":[{"start":{"line":170,"column":24},"end":{"line":171,"column":74}},{"start":{"line":171,"column":29},"end":{"line":171,"column":74}}],"line":170},"12":{"loc":{"start":{"line":185,"column":12},"end":{"line":187,"column":13}},"type":"if","locations":[{"start":{"line":185,"column":12},"end":{"line":187,"column":13}},{"start":{},"end":{}}],"line":185},"13":{"loc":{"start":{"line":205,"column":12},"end":{"line":207,"column":13}},"type":"if","locations":[{"start":{"line":205,"column":12},"end":{"line":207,"column":13}},{"start":{},"end":{}}],"line":205},"14":{"loc":{"start":{"line":214,"column":72},"end":{"line":214,"column":113}},"type":"cond-expr","locations":[{"start":{"line":214,"column":92},"end":{"line":214,"column":100}},{"start":{"line":214,"column":103},"end":{"line":214,"column":113}}],"line":214}},"s":{"0":1,"1":1,"2":1,"3":1,"4":1,"5":1,"6":1,"7":2,"8":2,"9":1,"10":1,"11":1,"12":1,"13":1,"14":0,"15":1,"16":1,"17":1,"18":0,"19":2,"20":2,"21":2,"22":1,"23":1,"24":2,"25":2,"26":2,"27":1,"28":1,"29":0,"30":0,"31":1,"32":1,"33":1,"34":0,"35":1,"36":0,"37":0,"38":3,"39":3,"40":3,"41":3,"42":1,"43":2,"44":2,"45":2,"46":1,"47":1,"48":1,"49":1,"50":1,"51":1,"52":1,"53":3,"54":3,"55":3,"56":1,"57":2,"58":2,"59":1,"60":1,"61":1,"62":1,"63":0,"64":1,"65":1,"66":2,"67":2,"68":2,"69":2,"70":2,"71":2,"72":2,"73":1,"74":1,"75":0,"76":0,"77":2,"78":2,"79":2,"80":2,"81":1,"82":1,"83":1,"84":1,"85":0,"86":0,"87":1},"f":{"0":2,"1":1,"2":1,"3":2,"4":2,"5":1,"6":3,"7":3,"8":1,"9":2},"b":{"0":[1,1],"1":[1,1],"2":[0,1],"3":[1,2],"4":[1,0],"5":[1,0],"6":[1,1],"7":[1,0],"8":[1,2],"9":[1,1],"10":[1,0],"11":[0,1],"12":[1,1],"13":[1,1],"14":[0,1]},"_coverageSchema":"1a1c01bbd47fc00a2c39e90264f33305004495a9","hash":"6bf1944c38e291c35a159208d62170679d6a7a99"}
,"/home/hilary-madelein/Documentos/Observatorio_Hidrometeorologico/observatorio_api/controls/PhenomenonTypeController.js": {"path":"/home/hilary-madelein/Documentos/Observatorio_Hidrometeorologico/observatorio_api/controls/PhenomenonTypeController.js","statementMap":{"0":{"start":{"line":2,"column":29},"end":{"line":2,"column":57}},"1":{"start":{"line":3,"column":15},"end":{"line":3,"column":35}},"2":{"start":{"line":4,"column":13},"end":{"line":4,"column":28}},"3":{"start":{"line":5,"column":13},"end":{"line":5,"column":28}},"4":{"start":{"line":6,"column":11},"end":{"line":6,"column":24}},"5":{"start":{"line":8,"column":23},"end":{"line":8,"column":45}},"6":{"start":{"line":9,"column":22},"end":{"line":9,"column":43}},"7":{"start":{"line":14,"column":8},"end":{"line":33,"column":9}},"8":{"start":{"line":15,"column":28},"end":{"line":18,"column":14}},"9":{"start":{"line":20,"column":30},"end":{"line":27,"column":15}},"10":{"start":{"line":20,"column":48},"end":{"line":27,"column":13}},"11":{"start":{"line":29,"column":12},"end":{"line":29,"column":65}},"12":{"start":{"line":31,"column":12},"end":{"line":31,"column":33}},"13":{"start":{"line":32,"column":12},"end":{"line":32,"column":106}},"14":{"start":{"line":37,"column":8},"end":{"line":56,"column":9}},"15":{"start":{"line":38,"column":28},"end":{"line":41,"column":14}},"16":{"start":{"line":43,"column":30},"end":{"line":50,"column":15}},"17":{"start":{"line":43,"column":48},"end":{"line":50,"column":13}},"18":{"start":{"line":52,"column":12},"end":{"line":52,"column":65}},"19":{"start":{"line":54,"column":12},"end":{"line":54,"column":33}},"20":{"start":{"line":55,"column":12},"end":{"line":55,"column":106}},"21":{"start":{"line":60,"column":25},"end":{"line":60,"column":44}},"22":{"start":{"line":62,"column":8},"end":{"line":76,"column":9}},"23":{"start":{"line":63,"column":27},"end":{"line":66,"column":14}},"24":{"start":{"line":68,"column":12},"end":{"line":70,"column":13}},"25":{"start":{"line":69,"column":16},"end":{"line":69,"column":103}},"26":{"start":{"line":72,"column":12},"end":{"line":72,"column":81}},"27":{"start":{"line":75,"column":12},"end":{"line":75,"column":122}},"28":{"start":{"line":80,"column":28},"end":{"line":80,"column":64}},"29":{"start":{"line":82,"column":8},"end":{"line":125,"column":9}},"30":{"start":{"line":83,"column":27},"end":{"line":83,"column":48}},"31":{"start":{"line":84,"column":12},"end":{"line":86,"column":13}},"32":{"start":{"line":85,"column":16},"end":{"line":85,"column":109}},"33":{"start":{"line":88,"column":29},"end":{"line":88,"column":49}},"34":{"start":{"line":89,"column":12},"end":{"line":91,"column":13}},"35":{"start":{"line":90,"column":16},"end":{"line":90,"column":42}},"36":{"start":{"line":93,"column":12},"end":{"line":95,"column":13}},"37":{"start":{"line":94,"column":16},"end":{"line":94,"column":107}},"38":{"start":{"line":97,"column":29},"end":{"line":97,"column":63}},"39":{"start":{"line":98,"column":31},"end":{"line":98,"column":78}},"40":{"start":{"line":98,"column":55},"end":{"line":98,"column":77}},"41":{"start":{"line":99,"column":12},"end":{"line":101,"column":13}},"42":{"start":{"line":100,"column":16},"end":{"line":100,"column":115}},"43":{"start":{"line":103,"column":25},"end":{"line":110,"column":13}},"44":{"start":{"line":112,"column":12},"end":{"line":112,"column":63}},"45":{"start":{"line":113,"column":12},"end":{"line":113,"column":39}},"46":{"start":{"line":115,"column":12},"end":{"line":115,"column":101}},"47":{"start":{"line":118,"column":12},"end":{"line":118,"column":83}},"48":{"start":{"line":118,"column":54},"end":{"line":118,"column":83}},"49":{"start":{"line":120,"column":12},"end":{"line":122,"column":13}},"50":{"start":{"line":121,"column":16},"end":{"line":121,"column":124}},"51":{"start":{"line":124,"column":12},"end":{"line":124,"column":116}},"52":{"start":{"line":129,"column":8},"end":{"line":175,"column":9}},"53":{"start":{"line":130,"column":31},"end":{"line":132,"column":14}},"54":{"start":{"line":134,"column":12},"end":{"line":136,"column":13}},"55":{"start":{"line":135,"column":16},"end":{"line":135,"column":89}},"56":{"start":{"line":138,"column":31},"end":{"line":138,"column":46}},"57":{"start":{"line":140,"column":12},"end":{"line":148,"column":13}},"58":{"start":{"line":141,"column":16},"end":{"line":146,"column":17}},"59":{"start":{"line":142,"column":39},"end":{"line":142,"column":110}},"60":{"start":{"line":143,"column":20},"end":{"line":145,"column":23}},"61":{"start":{"line":144,"column":24},"end":{"line":144,"column":90}},"62":{"start":{"line":144,"column":33},"end":{"line":144,"column":90}},"63":{"start":{"line":147,"column":16},"end":{"line":147,"column":49}},"64":{"start":{"line":150,"column":12},"end":{"line":150,"column":46}},"65":{"start":{"line":151,"column":12},"end":{"line":151,"column":43}},"66":{"start":{"line":152,"column":12},"end":{"line":152,"column":48}},"67":{"start":{"line":153,"column":12},"end":{"line":153,"column":61}},"68":{"start":{"line":154,"column":12},"end":{"line":154,"column":47}},"69":{"start":{"line":156,"column":12},"end":{"line":163,"column":13}},"70":{"start":{"line":157,"column":33},"end":{"line":157,"column":67}},"71":{"start":{"line":158,"column":35},"end":{"line":158,"column":92}},"72":{"start":{"line":158,"column":69},"end":{"line":158,"column":91}},"73":{"start":{"line":159,"column":16},"end":{"line":161,"column":17}},"74":{"start":{"line":160,"column":20},"end":{"line":160,"column":119}},"75":{"start":{"line":162,"column":16},"end":{"line":162,"column":61}},"76":{"start":{"line":165,"column":27},"end":{"line":165,"column":50}},"77":{"start":{"line":166,"column":12},"end":{"line":168,"column":13}},"78":{"start":{"line":167,"column":16},"end":{"line":167,"column":117}},"79":{"start":{"line":170,"column":12},"end":{"line":170,"column":101}},"80":{"start":{"line":173,"column":12},"end":{"line":173,"column":58}},"81":{"start":{"line":174,"column":12},"end":{"line":174,"column":91}},"82":{"start":{"line":179,"column":8},"end":{"line":202,"column":9}},"83":{"start":{"line":180,"column":32},"end":{"line":180,"column":54}},"84":{"start":{"line":182,"column":31},"end":{"line":184,"column":14}},"85":{"start":{"line":186,"column":12},"end":{"line":188,"column":13}},"86":{"start":{"line":187,"column":16},"end":{"line":187,"column":98}},"87":{"start":{"line":190,"column":12},"end":{"line":190,"column":51}},"88":{"start":{"line":191,"column":12},"end":{"line":191,"column":36}},"89":{"start":{"line":193,"column":12},"end":{"line":197,"column":15}},"90":{"start":{"line":200,"column":12},"end":{"line":200,"column":64}},"91":{"start":{"line":201,"column":12},"end":{"line":201,"column":90}},"92":{"start":{"line":207,"column":0},"end":{"line":207,"column":42}}},"fnMap":{"0":{"name":"(anonymous_0)","decl":{"start":{"line":13,"column":4},"end":{"line":13,"column":5}},"loc":{"start":{"line":13,"column":25},"end":{"line":34,"column":5}},"line":13},"1":{"name":"(anonymous_1)","decl":{"start":{"line":20,"column":42},"end":{"line":20,"column":43}},"loc":{"start":{"line":20,"column":48},"end":{"line":27,"column":13}},"line":20},"2":{"name":"(anonymous_2)","decl":{"start":{"line":36,"column":4},"end":{"line":36,"column":5}},"loc":{"start":{"line":36,"column":30},"end":{"line":57,"column":5}},"line":36},"3":{"name":"(anonymous_3)","decl":{"start":{"line":43,"column":42},"end":{"line":43,"column":43}},"loc":{"start":{"line":43,"column":48},"end":{"line":50,"column":13}},"line":43},"4":{"name":"(anonymous_4)","decl":{"start":{"line":59,"column":4},"end":{"line":59,"column":5}},"loc":{"start":{"line":59,"column":24},"end":{"line":77,"column":5}},"line":59},"5":{"name":"(anonymous_5)","decl":{"start":{"line":79,"column":4},"end":{"line":79,"column":5}},"loc":{"start":{"line":79,"column":27},"end":{"line":126,"column":5}},"line":79},"6":{"name":"(anonymous_6)","decl":{"start":{"line":98,"column":49},"end":{"line":98,"column":50}},"loc":{"start":{"line":98,"column":55},"end":{"line":98,"column":77}},"line":98},"7":{"name":"(anonymous_7)","decl":{"start":{"line":128,"column":4},"end":{"line":128,"column":5}},"loc":{"start":{"line":128,"column":27},"end":{"line":176,"column":5}},"line":128},"8":{"name":"(anonymous_8)","decl":{"start":{"line":143,"column":42},"end":{"line":143,"column":43}},"loc":{"start":{"line":143,"column":51},"end":{"line":145,"column":21}},"line":143},"9":{"name":"(anonymous_9)","decl":{"start":{"line":158,"column":63},"end":{"line":158,"column":64}},"loc":{"start":{"line":158,"column":69},"end":{"line":158,"column":91}},"line":158},"10":{"name":"(anonymous_10)","decl":{"start":{"line":178,"column":4},"end":{"line":178,"column":5}},"loc":{"start":{"line":178,"column":33},"end":{"line":203,"column":5}},"line":178}},"branchMap":{"0":{"loc":{"start":{"line":26,"column":29},"end":{"line":26,"column":47}},"type":"binary-expr","locations":[{"start":{"line":26,"column":29},"end":{"line":26,"column":41}},{"start":{"line":26,"column":45},"end":{"line":26,"column":47}}],"line":26},"1":{"loc":{"start":{"line":49,"column":29},"end":{"line":49,"column":47}},"type":"binary-expr","locations":[{"start":{"line":49,"column":29},"end":{"line":49,"column":41}},{"start":{"line":49,"column":45},"end":{"line":49,"column":47}}],"line":49},"2":{"loc":{"start":{"line":68,"column":12},"end":{"line":70,"column":13}},"type":"if","locations":[{"start":{"line":68,"column":12},"end":{"line":70,"column":13}},{"start":{},"end":{}}],"line":68},"3":{"loc":{"start":{"line":84,"column":12},"end":{"line":86,"column":13}},"type":"if","locations":[{"start":{"line":84,"column":12},"end":{"line":86,"column":13}},{"start":{},"end":{}}],"line":84},"4":{"loc":{"start":{"line":89,"column":12},"end":{"line":91,"column":13}},"type":"if","locations":[{"start":{"line":89,"column":12},"end":{"line":91,"column":13}},{"start":{},"end":{}}],"line":89},"5":{"loc":{"start":{"line":93,"column":12},"end":{"line":95,"column":13}},"type":"if","locations":[{"start":{"line":93,"column":12},"end":{"line":95,"column":13}},{"start":{},"end":{}}],"line":93},"6":{"loc":{"start":{"line":93,"column":16},"end":{"line":93,"column":69}},"type":"binary-expr","locations":[{"start":{"line":93,"column":16},"end":{"line":93,"column":42}},{"start":{"line":93,"column":46},"end":{"line":93,"column":69}}],"line":93},"7":{"loc":{"start":{"line":99,"column":12},"end":{"line":101,"column":13}},"type":"if","locations":[{"start":{"line":99,"column":12},"end":{"line":101,"column":13}},{"start":{},"end":{}}],"line":99},"8":{"loc":{"start":{"line":118,"column":12},"end":{"line":118,"column":83}},"type":"if","locations":[{"start":{"line":118,"column":12},"end":{"line":118,"column":83}},{"start":{},"end":{}}],"line":118},"9":{"loc":{"start":{"line":118,"column":16},"end":{"line":118,"column":52}},"type":"binary-expr","locations":[{"start":{"line":118,"column":16},"end":{"line":118,"column":27}},{"start":{"line":118,"column":31},"end":{"line":118,"column":52}}],"line":118},"10":{"loc":{"start":{"line":120,"column":12},"end":{"line":122,"column":13}},"type":"if","locations":[{"start":{"line":120,"column":12},"end":{"line":122,"column":13}},{"start":{},"end":{}}],"line":120},"11":{"loc":{"start":{"line":120,"column":16},"end":{"line":120,"column":101}},"type":"binary-expr","locations":[{"start":{"line":120,"column":16},"end":{"line":120,"column":63}},{"start":{"line":120,"column":67},"end":{"line":120,"column":101}}],"line":120},"12":{"loc":{"start":{"line":124,"column":47},"end":{"line":124,"column":101}},"type":"binary-expr","locations":[{"start":{"line":124,"column":47},"end":{"line":124,"column":60}},{"start":{"line":124,"column":64},"end":{"line":124,"column":101}}],"line":124},"13":{"loc":{"start":{"line":134,"column":12},"end":{"line":136,"column":13}},"type":"if","locations":[{"start":{"line":134,"column":12},"end":{"line":136,"column":13}},{"start":{},"end":{}}],"line":134},"14":{"loc":{"start":{"line":140,"column":12},"end":{"line":148,"column":13}},"type":"if","locations":[{"start":{"line":140,"column":12},"end":{"line":148,"column":13}},{"start":{},"end":{}}],"line":140},"15":{"loc":{"start":{"line":141,"column":16},"end":{"line":146,"column":17}},"type":"if","locations":[{"start":{"line":141,"column":16},"end":{"line":146,"column":17}},{"start":{},"end":{}}],"line":141},"16":{"loc":{"start":{"line":144,"column":24},"end":{"line":144,"column":90}},"type":"if","locations":[{"start":{"line":144,"column":24},"end":{"line":144,"column":90}},{"start":{},"end":{}}],"line":144},"17":{"loc":{"start":{"line":156,"column":12},"end":{"line":163,"column":13}},"type":"if","locations":[{"start":{"line":156,"column":12},"end":{"line":163,"column":13}},{"start":{},"end":{}}],"line":156},"18":{"loc":{"start":{"line":156,"column":16},"end":{"line":156,"column":86}},"type":"binary-expr","locations":[{"start":{"line":156,"column":16},"end":{"line":156,"column":51}},{"start":{"line":156,"column":55},"end":{"line":156,"column":86}}],"line":156},"19":{"loc":{"start":{"line":159,"column":16},"end":{"line":161,"column":17}},"type":"if","locations":[{"start":{"line":159,"column":16},"end":{"line":161,"column":17}},{"start":{},"end":{}}],"line":159},"20":{"loc":{"start":{"line":166,"column":12},"end":{"line":168,"column":13}},"type":"if","locations":[{"start":{"line":166,"column":12},"end":{"line":168,"column":13}},{"start":{},"end":{}}],"line":166},"21":{"loc":{"start":{"line":186,"column":12},"end":{"line":188,"column":13}},"type":"if","locations":[{"start":{"line":186,"column":12},"end":{"line":188,"column":13}},{"start":{},"end":{}}],"line":186},"22":{"loc":{"start":{"line":194,"column":72},"end":{"line":194,"column":113}},"type":"cond-expr","locations":[{"start":{"line":194,"column":92},"end":{"line":194,"column":100}},{"start":{"line":194,"column":103},"end":{"line":194,"column":113}}],"line":194}},"s":{"0":1,"1":1,"2":1,"3":1,"4":1,"5":1,"6":1,"7":2,"8":2,"9":1,"10":1,"11":1,"12":1,"13":1,"14":1,"15":1,"16":1,"17":1,"18":1,"19":0,"20":0,"21":2,"22":2,"23":2,"24":2,"25":1,"26":1,"27":0,"28":5,"29":5,"30":5,"31":5,"32":1,"33":4,"34":4,"35":1,"36":4,"37":1,"38":3,"39":3,"40":4,"41":3,"42":1,"43":2,"44":2,"45":1,"46":1,"47":1,"48":1,"49":1,"50":1,"51":0,"52":3,"53":3,"54":3,"55":1,"56":2,"57":2,"58":0,"59":0,"60":0,"61":0,"62":0,"63":0,"64":2,"65":2,"66":2,"67":2,"68":2,"69":2,"70":1,"71":1,"72":1,"73":1,"74":1,"75":0,"76":1,"77":1,"78":0,"79":1,"80":0,"81":0,"82":2,"83":2,"84":2,"85":2,"86":1,"87":1,"88":1,"89":1,"90":0,"91":0,"92":1},"f":{"0":2,"1":1,"2":1,"3":1,"4":2,"5":5,"6":4,"7":3,"8":0,"9":1,"10":2},"b":{"0":[1,0],"1":[1,0],"2":[1,1],"3":[1,4],"4":[1,3],"5":[1,3],"6":[4,3],"7":[1,2],"8":[1,0],"9":[1,1],"10":[1,0],"11":[1,1],"12":[0,0],"13":[1,2],"14":[0,2],"15":[0,0],"16":[0,0],"17":[1,1],"18":[2,1],"19":[1,0],"20":[0,1],"21":[1,1],"22":[1,0]},"_coverageSchema":"1a1c01bbd47fc00a2c39e90264f33305004495a9","hash":"8754fbc66bccc3b5166428bd7b77780f98a7a42a"}
,"/home/hilary-madelein/Documentos/Observatorio_Hidrometeorologico/observatorio_api/controls/StationController.js": {"path":"/home/hilary-madelein/Documentos/Observatorio_Hidrometeorologico/observatorio_api/controls/StationController.js","statementMap":{"0":{"start":{"line":2,"column":29},"end":{"line":2,"column":57}},"1":{"start":{"line":3,"column":15},"end":{"line":3,"column":35}},"2":{"start":{"line":4,"column":13},"end":{"line":4,"column":28}},"3":{"start":{"line":5,"column":13},"end":{"line":5,"column":28}},"4":{"start":{"line":6,"column":11},"end":{"line":6,"column":24}},"5":{"start":{"line":8,"column":16},"end":{"line":8,"column":30}},"6":{"start":{"line":9,"column":19},"end":{"line":9,"column":36}},"7":{"start":{"line":14,"column":8},"end":{"line":21,"column":9}},"8":{"start":{"line":15,"column":28},"end":{"line":17,"column":14}},"9":{"start":{"line":18,"column":12},"end":{"line":18,"column":63}},"10":{"start":{"line":20,"column":12},"end":{"line":20,"column":114}},"11":{"start":{"line":25,"column":8},"end":{"line":33,"column":9}},"12":{"start":{"line":26,"column":28},"end":{"line":29,"column":14}},"13":{"start":{"line":30,"column":12},"end":{"line":30,"column":63}},"14":{"start":{"line":32,"column":12},"end":{"line":32,"column":125}},"15":{"start":{"line":37,"column":8},"end":{"line":45,"column":9}},"16":{"start":{"line":38,"column":28},"end":{"line":41,"column":14}},"17":{"start":{"line":42,"column":12},"end":{"line":42,"column":63}},"18":{"start":{"line":44,"column":12},"end":{"line":44,"column":125}},"19":{"start":{"line":49,"column":8},"end":{"line":57,"column":9}},"20":{"start":{"line":50,"column":28},"end":{"line":53,"column":14}},"21":{"start":{"line":54,"column":12},"end":{"line":54,"column":63}},"22":{"start":{"line":56,"column":12},"end":{"line":56,"column":125}},"23":{"start":{"line":61,"column":25},"end":{"line":61,"column":44}},"24":{"start":{"line":63,"column":27},"end":{"line":63,"column":89}},"25":{"start":{"line":64,"column":8},"end":{"line":66,"column":9}},"26":{"start":{"line":65,"column":12},"end":{"line":65,"column":101}},"27":{"start":{"line":68,"column":24},"end":{"line":71,"column":10}},"28":{"start":{"line":73,"column":8},"end":{"line":77,"column":11}},"29":{"start":{"line":81,"column":8},"end":{"line":114,"column":9}},"30":{"start":{"line":82,"column":29},"end":{"line":82,"column":46}},"31":{"start":{"line":83,"column":12},"end":{"line":85,"column":13}},"32":{"start":{"line":84,"column":16},"end":{"line":84,"column":103}},"33":{"start":{"line":87,"column":31},"end":{"line":90,"column":14}},"34":{"start":{"line":92,"column":12},"end":{"line":94,"column":13}},"35":{"start":{"line":93,"column":16},"end":{"line":93,"column":93}},"36":{"start":{"line":96,"column":28},"end":{"line":102,"column":14}},"37":{"start":{"line":104,"column":12},"end":{"line":109,"column":15}},"38":{"start":{"line":112,"column":12},"end":{"line":112,"column":60}},"39":{"start":{"line":113,"column":12},"end":{"line":113,"column":90}},"40":{"start":{"line":118,"column":25},"end":{"line":118,"column":47}},"41":{"start":{"line":119,"column":8},"end":{"line":137,"column":9}},"42":{"start":{"line":120,"column":28},"end":{"line":123,"column":14}},"43":{"start":{"line":125,"column":12},"end":{"line":127,"column":13}},"44":{"start":{"line":126,"column":16},"end":{"line":126,"column":90}},"45":{"start":{"line":129,"column":12},"end":{"line":133,"column":15}},"46":{"start":{"line":135,"column":12},"end":{"line":135,"column":63}},"47":{"start":{"line":136,"column":12},"end":{"line":136,"column":90}},"48":{"start":{"line":141,"column":28},"end":{"line":141,"column":64}},"49":{"start":{"line":143,"column":8},"end":{"line":189,"column":9}},"50":{"start":{"line":144,"column":27},"end":{"line":144,"column":48}},"51":{"start":{"line":145,"column":12},"end":{"line":147,"column":13}},"52":{"start":{"line":146,"column":16},"end":{"line":146,"column":109}},"53":{"start":{"line":149,"column":31},"end":{"line":149,"column":108}},"54":{"start":{"line":151,"column":12},"end":{"line":153,"column":13}},"55":{"start":{"line":152,"column":16},"end":{"line":152,"column":105}},"56":{"start":{"line":155,"column":36},"end":{"line":155,"column":53}},"57":{"start":{"line":157,"column":25},"end":{"line":169,"column":13}},"58":{"start":{"line":171,"column":12},"end":{"line":171,"column":56}},"59":{"start":{"line":172,"column":12},"end":{"line":172,"column":39}},"60":{"start":{"line":174,"column":12},"end":{"line":174,"column":101}},"61":{"start":{"line":177,"column":12},"end":{"line":179,"column":13}},"62":{"start":{"line":178,"column":16},"end":{"line":178,"column":102}},"63":{"start":{"line":181,"column":12},"end":{"line":183,"column":13}},"64":{"start":{"line":182,"column":16},"end":{"line":
[...]
ne":196,"column":12},"end":{"line":198,"column":13}},{"start":{},"end":{}}],"line":196},"11":{"loc":{"start":{"line":202,"column":12},"end":{"line":211,"column":13}},"type":"if","locations":[{"start":{"line":202,"column":12},"end":{"line":211,"column":13}},{"start":{},"end":{}}],"line":202},"12":{"loc":{"start":{"line":203,"column":16},"end":{"line":209,"column":17}},"type":"if","locations":[{"start":{"line":203,"column":16},"end":{"line":209,"column":17}},{"start":{},"end":{}}],"line":203},"13":{"loc":{"start":{"line":206,"column":24},"end":{"line":207,"column":74}},"type":"if","locations":[{"start":{"line":206,"column":24},"end":{"line":207,"column":74}},{"start":{"line":207,"column":29},"end":{"line":207,"column":74}}],"line":206},"14":{"loc":{"start":{"line":226,"column":12},"end":{"line":228,"column":13}},"type":"if","locations":[{"start":{"line":226,"column":12},"end":{"line":228,"column":13}},{"start":{},"end":{}}],"line":226},"15":{"loc":{"start":{"line":247,"column":12},"end":{"line":249,"column":13}},"type":"if","locations":[{"start":{"line":247,"column":12},"end":{"line":249,"column":13}},{"start":{},"end":{}}],"line":247}},"s":{"0":1,"1":1,"2":1,"3":1,"4":1,"5":1,"6":1,"7":2,"8":2,"9":1,"10":1,"11":2,"12":2,"13":1,"14":1,"15":2,"16":2,"17":1,"18":1,"19":2,"20":2,"21":1,"22":1,"23":2,"24":2,"25":2,"26":1,"27":1,"28":1,"29":3,"30":3,"31":3,"32":1,"33":2,"34":2,"35":1,"36":1,"37":1,"38":0,"39":0,"40":2,"41":2,"42":2,"43":2,"44":1,"45":1,"46":0,"47":0,"48":4,"49":4,"50":4,"51":4,"52":1,"53":3,"54":3,"55":1,"56":2,"57":2,"58":2,"59":1,"60":1,"61":1,"62":1,"63":1,"64":1,"65":1,"66":3,"67":3,"68":3,"69":1,"70":2,"71":2,"72":1,"73":1,"74":1,"75":1,"76":0,"77":1,"78":1,"79":2,"80":2,"81":2,"82":2,"83":2,"84":2,"85":2,"86":2,"87":2,"88":2,"89":2,"90":2,"91":1,"92":1,"93":0,"94":0,"95":2,"96":2,"97":2,"98":2,"99":1,"100":1,"101":1,"102":1,"103":0,"104":0,"105":1},"f":{"0":2,"1":2,"2":2,"3":2,"4":2,"5":3,"6":2,"7":4,"8":3,"9":1,"10":2},"b":{"0":[1,1],"1":[1,2],"2":[1,1],"3":[1,1],"4":[1,3],"5":[1,2],"6":[1,0],"7":[1,0],"8":[1,1],"9":[1,0],"10":[1,2],"11":[1,1],"12":[1,0],"13":[0,1],"14":[1,1],"15":[1,1]},"_coverageSchema":"1a1c01bbd47fc00a2c39e90264f33305004495a9","hash":"cce712e06915e3db385430459bd59b5882ef2b60"}
,"/home/hilary-madelein/Documentos/Observatorio_Hidrometeorologico/observatorio_api/models/account.js": {"path":"/home/hilary-madelein/Documentos/Observatorio_Hidrometeorologico/observatorio_api/models/account.js","statementMap":{"0":{"start":{"line":3,"column":0},"end":{"line":45,"column":2}},"1":{"start":{"line":4,"column":20},"end":{"line":33,"column":6}},"2":{"start":{"line":35,"column":4},"end":{"line":42,"column":6}},"3":{"start":{"line":36,"column":8},"end":{"line":41,"column":11}},"4":{"start":{"line":44,"column":4},"end":{"line":44,"column":19}}},"fnMap":{"0":{"name":"(anonymous_0)","decl":{"start":{"line":3,"column":17},"end":{"line":3,"column":18}},"loc":{"start":{"line":3,"column":43},"end":{"line":45,"column":1}},"line":3},"1":{"name":"(anonymous_1)","decl":{"start":{"line":35,"column":24},"end":{"line":35,"column":25}},"loc":{"start":{"line":35,"column":42},"end":{"line":42,"column":5}},"line":35}},"branchMap":{},"s":{"0":7,"1":7,"2":7,"3":7,"4":7},"f":{"0":7,"1":7},"b":{},"_coverageSchema":"1a1c01bbd47fc00a2c39e90264f33305004495a9","hash":"439fd86f845543c58021ca6bd21bde62241bacb2"}
,"/home/hilary-madelein/Documentos/Observatorio_Hidrometeorologico/observatorio_api/models/daily_measurement.js": {"path":"/home/hilary-madelein/Documentos/Observatorio_Hidrometeorologico/observatorio_api/models/daily_measurement.js","statementMap":{"0":{"start":{"line":3,"column":0},"end":{"line":44,"column":2}},"1":{"start":{"line":4,"column":30},"end":{"line":26,"column":6}},"2":{"start":{"line":28,"column":4},"end":{"line":41,"column":6}},"3":{"start":{"line":29,"column":8},"end":{"line":32,"column":11}},"4":{"start":{"line":33,"column":8},"end":{"line":36,"column":11}},"5":{"start":{"line":37,"column":8},"end":{"line":40,"column":11}},"6":{"start":{"line":43,"column":4},"end":{"line":43,"column":29}}},"fnMap":{"0":{"name":"(anonymous_0)","decl":{"start":{"line":3,"column":17},"end":{"line":3,"column":18}},"loc":{"start":{"line":3,"column":43},"end":{"line":44,"column":1}},"line":3},"1":{"name":"(anonymous_1)","decl":{"start":{"line":28,"column":34},"end":{"line":28,"column":35}},"loc":{"start":{"line":28,"column":51},"end":{"line":41,"column":5}},"line":28}},"branchMap":{},"s":{"0":7,"1":7,"2":7,"3":7,"4":7,"5":7,"6":7},"f":{"0":7,"1":7},"b":{},"_coverageSchema":"1a1c01bbd47fc00a2c39e90264f33305004495a9","hash":"eca6a01fac752ef451b2cd028e50edff1f629200"}
,"/home/hilary-madelein/Documentos/Observatorio_Hidrometeorologico/observatorio_api/models/entity.js": {"path":"/home/hilary-madelein/Documentos/Observatorio_Hidrometeorologico/observatorio_api/models/entity.js","statementMap":{"0":{"start":{"line":3,"column":0},"end":{"line":48,"column":2}},"1":{"start":{"line":4,"column":19},"end":{"line":38,"column":6}},"2":{"start":{"line":40,"column":4},"end":{"line":45,"column":6}},"3":{"start":{"line":41,"column":8},"end":{"line":44,"column":11}},"4":{"start":{"line":47,"column":4},"end":{"line":47,"column":18}}},"fnMap":{"0":{"name":"(anonymous_0)","decl":{"start":{"line":3,"column":17},"end":{"line":3,"column":18}},"loc":{"start":{"line":3,"column":43},"end":{"line":48,"column":1}},"line":3},"1":{"name":"(anonymous_1)","decl":{"start":{"line":40,"column":23},"end":{"line":40,"column":24}},"loc":{"start":{"line":40,"column":41},"end":{"line":45,"column":5}},"line":40}},"branchMap":{},"s":{"0":7,"1":7,"2":7,"3":7,"4":7},"f":{"0":7,"1":7},"b":{},"_coverageSchema":"1a1c01bbd47fc00a2c39e90264f33305004495a9","hash":"b19a513c816a30c65ea4cb1c8204954e8561de77"}
,"/home/hilary-madelein/Documentos/Observatorio_Hidrometeorologico/observatorio_api/models/index.js": {"path":"/home/hilary-madelein/Documentos/Observatorio_Hidrometeorologico/observatorio_api/models/index.js","statementMap":{"0":{"start":{"line":3,"column":11},"end":{"line":3,"column":24}},"1":{"start":{"line":4,"column":13},"end":{"line":4,"column":28}},"2":{"start":{"line":5,"column":33},"end":{"line":5,"column":53}},"3":{"start":{"line":6,"column":17},"end":{"line":6,"column":42}},"4":{"start":{"line":7,"column":12},"end":{"line":7,"column":49}},"5":{"start":{"line":8,"column":15},"end":{"line":8,"column":65}},"6":{"start":{"line":9,"column":11},"end":{"line":9,"column":13}},"7":{"start":{"line":15,"column":0},"end":{"line":20,"column":2}},"8":{"start":{"line":23,"column":0},"end":{"line":33,"column":7}},"9":{"start":{"line":25,"column":8},"end":{"line":27,"column":10}},"10":{"start":{"line":31,"column":22},"end":{"line":31,"column":79}},"11":{"start":{"line":32,"column":8},"end":{"line":32,"column":31}},"12":{"start":{"line":35,"column":0},"end":{"line":39,"column":3}},"13":{"start":{"line":36,"column":4},"end":{"line":38,"column":5}},"14":{"start":{"line":37,"column":8},"end":{"line":37,"column":36}},"15":{"start":{"line":41,"column":0},"end":{"line":41,"column":25}},"16":{"start":{"line":42,"column":0},"end":{"line":42,"column":25}},"17":{"start":{"line":44,"column":0},"end":{"line":46,"column":80}},"18":{"start":{"line":45,"column":4},"end":{"line":45,"column":43}},"19":{"start":{"line":46,"column":18},"end":{"line":46,"column":78}},"20":{"start":{"line":48,"column":0},"end":{"line":48,"column":20}}},"fnMap":{"0":{"name":"(anonymous_0)","decl":{"start":{"line":24,"column":12},"end":{"line":24,"column":13}},"loc":{"start":{"line":24,"column":22},"end":{"line":28,"column":5}},"line":24},"1":{"name":"(anonymous_1)","decl":{"start":{"line":29,"column":13},"end":{"line":29,"column":14}},"loc":{"start":{"line":29,"column":23},"end":{"line":33,"column":5}},"line":29},"2":{"name":"(anonymous_2)","decl":{"start":{"line":35,"column":24},"end":{"line":35,"column":25}},"loc":{"start":{"line":35,"column":39},"end":{"line":39,"column":1}},"line":35},"3":{"name":"(anonymous_3)","decl":{"start":{"line":44,"column":25},"end":{"line":44,"column":26}},"loc":{"start":{"line":44,"column":31},"end":{"line":46,"column":1}},"line":44},"4":{"name":"(anonymous_4)","decl":{"start":{"line":46,"column":9},"end":{"line":46,"column":10}},"loc":{"start":{"line":46,"column":18},"end":{"line":46,"column":78}},"line":46}},"branchMap":{"0":{"loc":{"start":{"line":7,"column":12},"end":{"line":7,"column":49}},"type":"binary-expr","locations":[{"start":{"line":7,"column":12},"end":{"line":7,"column":32}},{"start":{"line":7,"column":36},"end":{"line":7,"column":49}}],"line":7},"1":{"loc":{"start":{"line":26,"column":12},"end":{"line":26,"column":84}},"type":"binary-expr","locations":[{"start":{"line":26,"column":12},"end":{"line":26,"column":35}},{"start":{"line":26,"column":39},"end":{"line":26,"column":56}},{"start":{"line":26,"column":60},"end":{"line":26,"column":84}}],"line":26},"2":{"loc":{"start":{"line":36,"column":4},"end":{"line":38,"column":5}},"type":"if","locations":[{"start":{"line":36,"column":4},"end":{"line":38,"column":5}},{"start":{},"end":{}}],"line":36}},"s":{"0":7,"1":7,"2":7,"3":7,"4":7,"5":7,"6":7,"7":7,"8":7,"9":77,"10":70,"11":70,"12":7,"13":70,"14":70,"15":7,"16":7,"17":7,"18":0,"19":0,"20":7},"f":{"0":77,"1":70,"2":70,"3":0,"4":0},"b":{"0":[7,0],"1":[77,77,70],"2":[70,0]},"_coverageSchema":"1a1c01bbd47fc00a2c39e90264f33305004495a9","hash":"5d7982b203687bcda0eee58980dca653d0c1ad00"}
,"/home/hilary-madelein/Documentos/Observatorio_Hidrometeorologico/observatorio_api/models/measurement.js": {"path":"/home/hilary-madelein/Documentos/Observatorio_Hidrometeorologico/observatorio_api/models/measurement.js","statementMap":{"0":{"start":{"line":3,"column":0},"end":{"line":40,"column":2}},"1":{"start":{"line":4,"column":24},"end":{"line":22,"column":6}},"2":{"start":{"line":24,"column":4},"end":{"line":37,"column":6}},"3":{"start":{"line":25,"column":8},"end":{"line":28,"column":11}},"4":{"start":{"line":29,"column":8},"end":{"line":32,"column":11}},"5":{"start":{"line":33,"column":8},"end":{"line":36,"column":11}},"6":{"start":{"line":39,"column":4},"end":{"line":39,"column":23}}},"fnMap":{"0":{"name":"(anonymous_0)","decl":{"start":{"line":3,"column":17},"end":{"line":3,"column":18}},"loc":{"start":{"line":3,"column":43},"end":{"line":40,"column":1}},"line":3},"1":{"name":"(anonymous_1)","decl":{"start":{"line":24,"column":28},"end":{"line":24,"column":29}},"loc":{"start":{"line":24,"column":45},"end":{"line":37,"column":5}},"line":24}},"branchMap":{},"s":{"0":7,"1":7,"2":7,"3":7,"4":7,"5":7,"6":7},"f":{"0":7,"1":7},"b":{},"_coverageSchema":"1a1c01bbd47fc00a2c39e90264f33305004495a9","hash":"9328b7a3f32c712e81fdf3446280eea40a5807b1"}
,"/home/hilary-madelein/Documentos/Observatorio_Hidrometeorologico/observatorio_api/models/microbasin.js": {"path":"/home/hilary-madelein/Documentos/Observatorio_Hidrometeorologico/observatorio_api/models/microbasin.js","statementMap":{"0":{"start":{"line":3,"column":0},"end":{"line":39,"column":2}},"1":{"start":{"line":4,"column":23},"end":{"line":29,"column":6}},"2":{"start":{"line":31,"column":4},"end":{"line":36,"column":6}},"3":{"start":{"line":32,"column":8},"end":{"line":35,"column":11}},"4":{"start":{"line":38,"column":4},"end":{"line":38,"column":22}}},"fnMap":{"0":{"name":"(anonymous_0)","decl":{"start":{"line":3,"column":17},"end":{"line":3,"column":18}},"loc":{"start":{"line":3,"column":43},"end":{"line":39,"column":1}},"line":3},"1":{"name":"(anonymous_1)","decl":{"start":{"line":31,"column":27},"end":{"line":31,"column":28}},"loc":{"start":{"line":31,"column":44},"end":{"line":36,"column":5}},"line":31}},"branchMap":{},"s":{"0":7,"1":7,"2":7,"3":7,"4":7},"f":{"0":7,"1":7},"b":{},"_coverageSchema":"1a1c01bbd47fc00a2c39e90264f33305004495a9","hash":"31c5f7c09f97167ffbab5f196cce17bc8b4531b2"}
,"/home/hilary-madelein/Documentos/Observatorio_Hidrometeorologico/observatorio_api/models/phenomenon_operation.js": {"path":"/home/hilary-madelein/Documentos/Observatorio_Hidrometeorologico/observatorio_api/models/phenomenon_operation.js","statementMap":{"0":{"start":{"line":3,"column":0},"end":{"line":33,"column":2}},"1":{"start":{"line":4,"column":33},"end":{"line":17,"column":6}},"2":{"start":{"line":19,"column":4},"end":{"line":30,"column":6}},"3":{"start":{"line":20,"column":8},"end":{"line":22,"column":11}},"4":{"start":{"line":23,"column":8},"end":{"line":25,"column":11}},"5":{"start":{"line":26,"column":8},"end":{"line":29,"column":11}},"6":{"start":{"line":32,"column":4},"end":{"line":32,"column":32}}},"fnMap":{"0":{"name":"(anonymous_0)","decl":{"start":{"line":3,"column":17},"end":{"line":3,"column":18}},"loc":{"start":{"line":3,"column":43},"end":{"line":33,"column":1}},"line":3},"1":{"name":"(anonymous_1)","decl":{"start":{"line":19,"column":37},"end":{"line":19,"column":38}},"loc":{"start":{"line":19,"column":54},"end":{"line":30,"column":5}},"line":19}},"branchMap":{},"s":{"0":7,"1":7,"2":7,"3":7,"4":7,"5":7,"6":7},"f":{"0":7,"1":7},"b":{},"_coverageSchema":"1a1c01bbd47fc00a2c39e90264f33305004495a9","hash":"0905ab7da134a635aa33a351a764859bb410bf31"}
,"/home/hilary-madelein/Documentos/Observatorio_Hidrometeorologico/observatorio_api/models/phenomenon_type.js": {"path":"/home/hilary-madelein/Documentos/Observatorio_Hidrometeorologico/observatorio_api/models/phenomenon_type.js","statementMap":{"0":{"start":{"line":3,"column":0},"end":{"line":45,"column":2}},"1":{"start":{"line":4,"column":28},"end":{"line":35,"column":6}},"2":{"start":{"line":37,"column":4},"end":{"line":42,"column":6}},"3":{"start":{"line":38,"column":8},"end":{"line":41,"column":11}},"4":{"start":{"line":44,"column":4},"end":{"line":44,"column":27}}},"fnMap":{"0":{"name":"(anonymous_0)","decl":{"start":{"line":3,"column":17},"end":{"line":3,"column":18}},"loc":{"start":{"line":3,"column":43},"end":{"line":45,"column":1}},"line":3},"1":{"name":"(anonymous_1)","decl":{"start":{"line":37,"column":32},"end":{"line":37,"column":33}},"loc":{"start":{"line":37,"column":49},"end":{"line":42,"column":5}},"line":37}},"branchMap":{},"s":{"0":7,"1":7,"2":7,"3":7,"4":7},"f":{"0":7,"1":7},"b":{},"_coverageSchema":"1a1c01bbd47fc00a2c39e90264f33305004495a9","hash":"71566d44f33d6e234820988148b5fd6c5fb80274"}
,"/home/hilary-madelein/Documentos/Observatorio_Hidrometeorologico/observatorio_api/models/quantity.js": {"path":"/home/hilary-madelein/Documentos/Observatorio_Hidrometeorologico/observatorio_api/models/quantity.js","statementMap":{"0":{"start":{"line":3,"column":0},"end":{"line":32,"column":2}},"1":{"start":{"line":4,"column":21},"end":{"line":22,"column":6}},"2":{"start":{"line":24,"column":4},"end":{"line":29,"column":6}},"3":{"start":{"line":25,"column":8},"end":{"line":28,"column":11}},"4":{"start":{"line":31,"column":4},"end":{"line":31,"column":20}}},"fnMap":{"0":{"name":"(anonymous_0)","decl":{"start":{"line":3,"column":17},"end":{"line":3,"column":18}},"loc":{"start":{"line":3,"column":43},"end":{"line":32,"column":1}},"line":3},"1":{"name":"(anonymous_1)","decl":{"start":{"line":24,"column":25},"end":{"line":24,"column":26}},"loc":{"start":{"line":24,"column":42},"end":{"line":29,"column":5}},"line":24}},"branchMap":{},"s":{"0":7,"1":7,"2":7,"3":7,"4":7},"f":{"0":7,"1":7},"b":{},"_coverageSchema":"1a1c01bbd47fc00a2c39e90264f33305004495a9","hash":"76a0a1a19372db955303fc8f9948ceceae545524"}
,"/home/hilary-madelein/Documentos/Observatorio_Hidrometeorologico/observatorio_api/models/station.js": {"path":"/home/hilary-madelein/Documentos/Observatorio_Hidrometeorologico/observatorio_api/models/station.js","statementMap":{"0":{"start":{"line":3,"column":0},"end":{"line":73,"column":2}},"1":{"start":{"line":4,"column":20},"end":{"line":53,"column":6}},"2":{"start":{"line":55,"column":4},"end":{"line":70,"column":6}},"3":{"start":{"line":56,"column":8},"end":{"line":59,"column":11}},"4":{"start":{"line":61,"column":8},"end":{"line":64,"column":11}},"5":{"start":{"line":66,"column":8},"end":{"line":69,"column":11}},"6":{"start":{"line":72,"column":4},"end":{"line":72,"column":19}}},"fnMap":{"0":{"name":"(anonymous_0)","decl":{"start":{"line":3,"column":17},"end":{"line":3,"column":18}},"loc":{"start":{"line":3,"column":43},"end":{"line":73,"column":1}},"line":3},"1":{"name":"(anonymous_1)","decl":{"start":{"line":55,"column":24},"end":{"line":55,"column":25}},"loc":{"start":{"line":55,"column":41},"end":{"line":70,"column":5}},"line":55}},"branchMap":{},"s":{"0":7,"1":7,"2":7,"3":7,"4":7,"5":7,"6":7},"f":{"0":7,"1":7},"b":{},"_coverageSchema":"1a1c01bbd47fc00a2c39e90264f33305004495a9","hash":"8aebfe910e8edf2b92f31d0b229683056f327f6d"}
,"/home/hilary-madelein/Documentos/Observatorio_Hidrometeorologico/observatorio_api/models/type_operation.js": {"path":"/home/hilary-madelein/Documentos/Observatorio_Hidrometeorologico/observatorio_api/models/type_operation.js","statementMap":{"0":{"start":{"line":3,"column":0},"end":{"line":44,"column":2}},"1":{"start":{"line":4,"column":27},"end":{"line":22,"column":6}},"2":{"start":{"line":24,"column":4},"end":{"line":29,"column":6}},"3":{"start":{"line":25,"column":8},"end":{"line":28,"column":11}},"4":{"start":{"line":32,"column":4},"end":{"line":41,"column":6}},"5":{"start":{"line":33,"column":34},"end":{"line":33,"column":68}},"6":{"start":{"line":35,"column":8},"end":{"line":40,"column":9}},"7":{"start":{"line":36,"column":27},"end":{"line":36,"column":85}},"8":{"start":{"line":37,"column":12},"end":{"line":39,"column":13}},"9":{"start":{"line":38,"column":16},"end":{"line":38,"column":63}},"10":{"start":{"line":43,"column":4},"end":{"line":43,"column":26}}},"fnMap":{"0":{"name":"(anonymous_0)","decl":{"start":{"line":3,"column":17},"end":{"line":3,"column":18}},"loc":{"start":{"line":3,"column":43},"end":{"line":44,"column":1}},"line":3},"1":{"name":"(anonymous_1)","decl":{"start":{"line":24,"column":31},"end":{"line":24,"column":32}},"loc":{"start":{"line":24,"column":48},"end":{"line":29,"column":5}},"line":24},"2":{"name":"(anonymous_2)","decl":{"start":{"line":32,"column":40},"end":{"line":32,"column":41}},"loc":{"start":{"line":32,"column":57},"end":{"line":41,"column":5}},"line":32}},"branchMap":{"0":{"loc":{"start":{"line":37,"column":12},"end":{"line":39,"column":13}},"type":"if","locations":[{"start":{"line":37,"column":12},"end":{"line":39,"column":13}},{"start":{},"end":{}}],"line":37}},"s":{"0":7,"1":7,"2":7,"3":7,"4":7,"5":0,"6":0,"7":0,"8":0,"9":0,"10":7},"f":{"0":7,"1":7,"2":0},"b":{"0":[0,0]},"_coverageSchema":"1a1c01bbd47fc00a2c39e90264f33305004495a9","hash":"fb238e6ac0d49178bd37dc4b013333583c16619a"}
,"/home/hilary-madelein/Documentos/Observatorio_Hidrometeorologico/observatorio_api/routes/socket.js": {"path":"/home/hilary-madelein/Documentos/Observatorio_Hidrometeorologico/observatorio_api/routes/socket.js","statementMap":{"0":{"start":{"line":3,"column":0},"end":{"line":13,"column":2}},"1":{"start":{"line":5,"column":23},"end":{"line":5,"column":43}},"2":{"start":{"line":6,"column":4},"end":{"line":6,"column":55}},"3":{"start":{"line":7,"column":4},"end":{"line":7,"column":14}},"4":{"start":{"line":10,"column":4},"end":{"line":10,"column":58}},"5":{"start":{"line":10,"column":13},"end":{"line":10,"column":58}},"6":{"start":{"line":11,"column":4},"end":{"line":11,"column":14}}},"fnMap":{"0":{"name":"(anonymous_0)","decl":{"start":{"line":4,"column":8},"end":{"line":4,"column":9}},"loc":{"start":{"line":4,"column":20},"end":{"line":8,"column":3}},"line":4},"1":{"name":"(anonymous_1)","decl":{"start":{"line":9,"column":9},"end":{"line":9,"column":10}},"loc":{"start":{"line":9,"column":15},"end":{"line":12,"column":3}},"line":9}},"branchMap":{"0":{"loc":{"start":{"line":10,"column":4},"end":{"line":10,"column":58}},"type":"if","locations":[{"start":{"line":10,"column":4},"end":{"line":10,"column":58}},{"start":{},"end":{}}],"line":10}},"s":{"0":1,"1":0,"2":0,"3":0,"4":0,"5":0,"6":0},"f":{"0":0,"1":0},"b":{"0":[0,0]},"_coverageSchema":"1a1c01bbd47fc00a2c39e90264f33305004495a9","hash":"02e48985381a7add0ffcde14aeaf3edb31337cef"}
}
