TN:
SF:controls/AccountController.js
FN:12,(anonymous_0)
FN:76,(anonymous_1)
FN:104,(anonymous_2)
FNF:3
FNH:1
FNDA:6,(anonymous_0)
FNDA:0,(anonymous_1)
FNDA:0,(anonymous_2)
DA:1,1
DA:2,1
DA:3,1
DA:5,1
DA:6,1
DA:7,1
DA:8,1
DA:9,1
DA:13,6
DA:14,6
DA:16,6
DA:17,1
DA:24,5
DA:29,4
DA:30,1
DA:33,3
DA:34,1
DA:37,2
DA:39,2
DA:40,1
DA:46,1
DA:47,1
DA:49,1
DA:63,1
DA:67,1
DA:68,1
DA:77,0
DA:78,0
DA:79,0
DA:85,0
DA:87,0
DA:97,0
DA:98,0
DA:104,0
DA:111,0
DA:117,0
DA:118,0
DA:126,1
LF:38
LH:27
BRDA:16,0,0,1
BRDA:16,0,1,5
BRDA:29,1,0,1
BRDA:29,1,1,3
BRDA:33,2,0,1
BRDA:33,2,1,2
BRDA:39,3,0,1
BRDA:39,3,1,1
BRDA:50,4,0,1
BRDA:50,4,1,0
BRDA:55,5,0,1
BRDA:55,5,1,0
BRDA:56,6,0,1
BRDA:56,6,1,0
BRDA:78,7,0,0
BRDA:78,7,1,0
BRDA:97,8,0,0
BRDA:97,8,1,0
BRF:18
BRH:11
end_of_record
TN:
SF:controls/DailyMeasurementController.js
FN:7,(anonymous_0)
FN:86,(anonymous_1)
FN:95,(anonymous_2)
FNF:3
FNH:3
FNDA:6,(anonymous_0)
FNDA:4,(anonymous_1)
FNDA:3,(anonymous_2)
DA:3,1
DA:4,1
DA:8,6
DA:10,6
DA:11,1
DA:14,5
DA:17,5
DA:18,3
DA:45,2
DA:46,2
DA:47,1
DA:53,1
DA:86,3
DA:87,4
DA:88,3
DA:89,3
DA:90,3
DA:91,3
DA:94,3
DA:95,3
DA:96,3
DA:98,3
DA:99,3
DA:106,3
DA:107,3
DA:108,3
DA:109,3
DA:110,3
DA:112,3
DA:113,3
DA:115,3
DA:118,3
DA:120,3
DA:126,1
DA:127,1
DA:136,1
LF:36
LH:36
BRDA:10,0,0,1
BRDA:10,0,1,5
BRDA:10,1,0,6
BRDA:10,1,1,6
BRDA:17,2,0,3
BRDA:17,2,1,2
BRDA:40,3,0,3
BRDA:40,3,1,2
BRDA:45,4,0,2
BRDA:45,4,1,0
BRDA:46,5,0,1
BRDA:46,5,1,1
BRDA:46,6,0,2
BRDA:46,6,1,1
BRDA:79,7,0,1
BRDA:79,7,1,1
BRDA:87,8,0,1
BRDA:87,8,1,3
BRDA:87,9,0,4
BRDA:87,9,1,3
BRDA:88,10,0,0
BRDA:88,10,1,3
BRDA:88,11,0,3
BRDA:88,11,1,2
BRDA:89,12,0,0
BRDA:89,12,1,3
BRDA:89,13,0,3
BRDA:89,13,1,2
BRDA:90,14,0,0
BRDA:90,14,1,3
BRDA:90,15,0,3
BRDA:90,15,1,1
BRDA:98,16,0,3
BRDA:98,16,1,0
BRDA:107,17,0,2
BRDA:107,17,1,1
BRDA:108,18,0,2
BRDA:108,18,1,1
BRDA:109,19,0,2
BRDA:109,19,1,1
BRDA:110,20,0,1
BRDA:110,20,1,2
BRF:42
BRH:37
end_of_record
TN:
SF:controls/EntityController.js
FN:15,(anonymous_0)
FN:34,(anonymous_1)
FN:57,(anonymous_2)
FN:78,(anonymous_3)
FN:134,(anonymous_4)
FN:157,(anonymous_5)
FNF:6
FNH:6
FNDA:2,(anonymous_0)
FNDA:2,(anonymous_1)
FNDA:4,(anonymous_2)
FNDA:2,(anonymous_3)
FNDA:4,(anonymous_4)
FNDA:1,(anonymous_5)
DA:2,1
DA:3,1
DA:4,1
DA:5,1
DA:7,1
DA:8,1
DA:9,1
DA:10,1
DA:16,2
DA:17,2
DA:27,1
DA:29,1
DA:35,2
DA:36,2
DA:41,2
DA:42,1
DA:49,1
DA:58,4
DA:59,4
DA:61,4
DA:62,4
DA:63,4
DA:64,1
DA:71,3
DA:72,1
DA:78,2
DA:79,2
DA:80,2
DA:81,2
DA:84,2
DA:86,2
DA:98,2
DA:103,1
DA:105,1
DA:111,1
DA:112,1
DA:115,1
DA:116,1
DA:119,1
DA:120,0
DA:126,1
DA:135,4
DA:136,4
DA:140,4
DA:141,1
DA:144,3
DA:148,3
DA:149,1
DA:152,2
DA:154,2
DA:155,1
DA:156,1
DA:157,1
DA:158,1
DA:159,0
DA:161,1
DA:165,1
DA:168,2
DA:169,2
DA:170,2
DA:171,2
DA:172,2
DA:173,2
DA:174,2
DA:176,2
DA:177,2
DA:179,2
DA:180,1
DA:186,1
DA:192,0
DA:193,0
DA:202,1
LF:72
LH:68
BRDA:41,0,0,1
BRDA:41,0,1,1
BRDA:63,1,0,1
BRDA:63,1,1,3
BRDA:71,2,0,1
BRDA:71,2,1,2
BRDA:79,3,0,0
BRDA:79,3,1,2
BRDA:84,4,0,1
BRDA:84,4,1,1
BRDA:111,5,0,1
BRDA:111,5,1,0
BRDA:115,6,0,1
BRDA:115,6,1,0
BRDA:115,7,0,1
BRDA:115,7,1,1
BRDA:119,8,0,0
BRDA:119,8,1,1
BRDA:119,9,0,1
BRDA:119,9,1,0
BRDA:127,10,0,1
BRDA:127,10,1,0
BRDA:140,11,0,1
BRDA:140,11,1,3
BRDA:148,12,0,1
BRDA:148,12,1,2
BRDA:154,13,0,1
BRDA:154,13,1,1
BRDA:155,14,0,1
BRDA:155,14,1,0
BRDA:158,15,0,0
BRDA:158,15,1,1
BRDA:179,16,0,1
BRDA:179,16,1,1
BRF:34
BRH:26
end_of_record
TN:
SF:controls/MeasurementController.js
FN:15,calcularFechas
FN:17,toLocalISOStringNoTZ
FN:73,(anonymous_2)
FN:150,(anonymous_3)
FN:168,(anonymous_4)
FN:191,(anonymous_5)
FN:227,(anonymous_6)
FN:229,(anonymous_7)
FN:271,(anonymous_8)
FN:281,(anonymous_9)
FN:315,(anonymous_10)
FN:352,(anonymous_11)
FN:361,(anonymous_12)
FN:403,(anonymous_13)
FN:433,(anonymous_14)
FNF:15
FNH:14
FNDA:5,calcularFechas
FNDA:10,toLocalISOStringNoTZ
FNDA:4,(anonymous_2)
FNDA:2,(anonymous_3)
FNDA:1,(anonymous_4)
FNDA:6,(anonymous_5)
FNDA:3,(anonymous_6)
FNDA:3,(anonymous_7)
FNDA:1,(anonymous_8)
FNDA:1,(anonymous_9)
FNDA:3,(anonymous_10)
FNDA:4,(anonymous_11)
FNDA:4,(anonymous_12)
FNDA:0,(anonymous_13)
FNDA:2,(anonymous_14)
DA:3,1
DA:4,1
DA:5,1
DA:6,1
DA:7,1
DA:8,1
DA:9,1
DA:10,1
DA:11,1
DA:12,1
DA:18,10
DA:19,10
DA:20,10
DA:25,5
DA:26,5
DA:28,1
DA:29,1
DA:30,1
DA:31,1
DA:34,1
DA:35,1
DA:36,1
DA:37,1
DA:40,1
DA:41,1
DA:42,1
DA:43,1
DA:46,2
DA:47,2
DA:48,2
DA:49,2
DA:50,2
DA:51,2
DA:52,2
DA:53,2
DA:56,0
DA:60,0
DA:63,5
DA:74,4
DA:76,4
DA:77,1
DA:80,3
DA:81,3
DA:82,2
DA:83,1
DA:86,1
DA:88,1
DA:90,1
DA:91,3
DA:92,3
DA:94,2
DA:95,1
DA:98,1
DA:101,1
DA:103,1
DA:109,1
DA:118,1
DA:126,1
DA:127,1
DA:129,0
DA:132,1
DA:139,1
DA:140,1
DA:151,2
DA:152,2
DA:167,1
DA:168,1
DA:169,1
DA:170,1
DA:179,1
DA:180,1
DA:182,1
DA:183,1
DA:192,6
DA:193,6
DA:195,6
DA:196,1
DA:199,5
DA:200,5
DA:202,5
DA:203,3
DA:222,3
DA:227,3
DA:229,3
DA:238,3
DA:240,3
DA:243,2
DA:266,2
DA:271,1
DA:272,1
DA:273,1
DA:274,1
DA:275,1
DA:276,1
DA:280,1
DA:281,1
DA:282,1
DA:283,1
DA:284,1
DA:290,1
DA:291,1
DA:292,1
DA:293,1
DA:294,1
DA:295,1
DA:296,1
DA:297,1
DA:300,1
DA:307,1
DA:308,1
DA:316,3
DA:317,3
DA:322,2
DA:324,2
DA:348,2
DA:352,2
DA:353,4
DA:354,4
DA:357,2
DA:359,2
DA:360,2
DA:361,1
DA:362,4
DA:363,4
DA:368,4
DA:381,2
DA:382,1
DA:385,2
DA:391,1
DA:392,1
DA:404,0
DA:405,0
DA:406,0
DA:409,0
DA:418,0
DA:425,0
DA:426,0
DA:434,2
DA:435,2
DA:437,1
DA:439,1
DA:441,1
DA:442,1
DA:451,1
LF:144
LH:134
BRDA:25,0,0,5
BRDA:25,0,1,0
BRDA:26,1,0,1
BRDA:26,1,1,1
BRDA:26,1,2,1
BRDA:26,1,3,2
BRDA:26,1,4,0
BRDA:76,2,0,1
BRDA:76,2,1,3
BRDA:76,3,0,4
BRDA:76,3,1,3
BRDA:76,3,2,3
BRDA:82,4,0,1
BRDA:82,4,1,1
BRDA:92,5,0,1
BRDA:92,5,1,2
BRDA:94,6,0,1
BRDA:94,6,1,1
BRDA:101,7,0,0
BRDA:101,7,1,1
BRDA:121,8,0,1
BRDA:121,8,1,0
BRDA:169,9,0,1
BRDA:169,9,1,0
BRDA:195,10,0,1
BRDA:195,10,1,5
BRDA:195,11,0,6
BRDA:195,11,1,6
BRDA:202,12,0,3
BRDA:202,12,1,2
BRDA:223,13,0,3
BRDA:223,13,1,0
BRDA:227,14,0,3
BRDA:227,14,1,3
BRDA:267,15,0,2
BRDA:267,15,1,2
BRDA:272,16,0,0
BRDA:272,16,1,1
BRDA:272,17,0,1
BRDA:272,17,1,1
BRDA:273,18,0,0
BRDA:273,18,1,1
BRDA:273,19,0,1
BRDA:273,19,1,1
BRDA:274,20,0,0
BRDA:274,20,1,1
BRDA:274,21,0,1
BRDA:274,21,1,1
BRDA:275,22,0,0
BRDA:275,22,1,1
BRDA:275,23,0,1
BRDA:275,23,1,1
BRDA:283,24,0,1
BRDA:283,24,1,0
BRDA:291,25,0,1
BRDA:291,25,1,0
BRDA:292,26,0,1
BRDA:292,26,1,0
BRDA:293,27,0,1
BRDA:293,27,1,0
BRDA:294,28,0,1
BRDA:294,28,1,0
BRDA:322,29,0,0
BRDA:322,29,1,2
BRDA:363,30,0,4
BRDA:363,30,1,0
BRDA:364,31,0,4
BRDA:364,31,1,4
BRDA:364,31,2,4
BRDA:381,32,0,1
BRDA:381,32,1,1
BRF:71
BRH:54
end_of_record
TN:
SF:controls/MicrobasinController.js
FN:13,(anonymous_0)
FN:25,(anonymous_1)
FN:37,(anonymous_2)
FN:49,(anonymous_3)
FN:71,(anonymous_4)
FN:93,(anonymous_5)
FN:117,(anonymous_6)
FN:157,(anonymous_7)
FN:170,(anonymous_8)
FN:198,(anonymous_9)
FNF:10
FNH:10
FNDA:2,(anonymous_0)
FNDA:1,(anonymous_1)
FNDA:1,(anonymous_2)
FNDA:2,(anonymous_3)
FNDA:2,(anonymous_4)
FNDA:1,(anonymous_5)
FNDA:3,(anonymous_6)
FNDA:3,(anonymous_7)
FNDA:1,(anonymous_8)
FNDA:2,(anonymous_9)
DA:2,1
DA:3,1
DA:4,1
DA:5,1
DA:6,1
DA:8,1
DA:9,1
DA:14,2
DA:15,2
DA:19,1
DA:21,1
DA:26,1
DA:27,1
DA:31,1
DA:33,0
DA:38,1
DA:39,1
DA:43,1
DA:45,0
DA:50,2
DA:51,2
DA:56,2
DA:57,1
DA:64,1
DA:72,2
DA:73,2
DA:81,2
DA:82,1
DA:85,1
DA:88,0
DA:89,0
DA:94,1
DA:95,1
DA:104,1
DA:105,0
DA:108,1
DA:111,0
DA:112,0
DA:118,3
DA:120,3
DA:121,3
DA:122,3
DA:123,1
DA:130,2
DA:132,2
DA:139,2
DA:140,1
DA:142,1
DA:145,1
DA:146,1
DA:149,1
DA:150,1
DA:153,1
DA:158,3
DA:159,3
DA:161,3
DA:162,1
DA:165,2
DA:167,2
DA:168,1
DA:169,1
DA:170,1
DA:171,1
DA:172,1
DA:175,1
DA:178,2
DA:179,2
DA:180,2
DA:181,2
DA:182,2
DA:184,2
DA:186,2
DA:187,1
DA:190,1
DA:193,0
DA:194,0
DA:199,2
DA:200,2
DA:202,2
DA:206,2
DA:207,1
DA:211,1
DA:212,1
DA:214,1
DA:221,0
DA:222,0
DA:227,1
LF:87
LH:76
BRDA:56,0,0,1
BRDA:56,0,1,1
BRDA:81,1,0,1
BRDA:81,1,1,1
BRDA:104,2,0,0
BRDA:104,2,1,1
BRDA:122,3,0,1
BRDA:122,3,1,2
BRDA:145,4,0,1
BRDA:145,4,1,0
BRDA:149,5,0,1
BRDA:149,5,1,0
BRDA:149,6,0,1
BRDA:149,6,1,1
BRDA:153,7,0,1
BRDA:153,7,1,0
BRDA:161,8,0,1
BRDA:161,8,1,2
BRDA:167,9,0,1
BRDA:167,9,1,1
BRDA:168,10,0,1
BRDA:168,10,1,0
BRDA:171,11,0,0
BRDA:171,11,1,1
BRDA:186,12,0,1
BRDA:186,12,1,1
BRDA:206,13,0,1
BRDA:206,13,1,1
BRDA:215,14,0,0
BRDA:215,14,1,1
BRF:30
BRH:23
end_of_record
TN:
SF:controls/PhenomenonTypeController.js
FN:13,(anonymous_0)
FN:20,(anonymous_1)
FN:36,(anonymous_2)
FN:43,(anonymous_3)
FN:59,(anonymous_4)
FN:79,(anonymous_5)
FN:98,(anonymous_6)
FN:128,(anonymous_7)
FN:143,(anonymous_8)
FN:158,(anonymous_9)
FN:178,(anonymous_10)
FNF:11
FNH:10
FNDA:2,(anonymous_0)
FNDA:1,(anonymous_1)
FNDA:1,(anonymous_2)
FNDA:1,(anonymous_3)
FNDA:2,(anonymous_4)
FNDA:5,(anonymous_5)
FNDA:4,(anonymous_6)
FNDA:3,(anonymous_7)
FNDA:0,(anonymous_8)
FNDA:1,(anonymous_9)
FNDA:2,(anonymous_10)
DA:2,1
DA:3,1
DA:4,1
DA:5,1
DA:6,1
DA:8,1
DA:9,1
DA:14,2
DA:15,2
DA:20,1
DA:29,1
DA:31,1
DA:32,1
DA:37,1
DA:38,1
DA:43,1
DA:52,1
DA:54,0
DA:55,0
DA:60,2
DA:62,2
DA:63,2
DA:68,2
DA:69,1
DA:72,1
DA:75,0
DA:80,5
DA:82,5
DA:83,5
DA:84,5
DA:85,1
DA:88,4
DA:89,4
DA:90,1
DA:93,4
DA:94,1
DA:97,3
DA:98,4
DA:99,3
DA:100,1
DA:103,2
DA:112,2
DA:113,1
DA:115,1
DA:118,1
DA:120,1
DA:121,1
DA:124,0
DA:129,3
DA:130,3
DA:134,3
DA:135,1
DA:138,2
DA:140,2
DA:141,0
DA:142,0
DA:143,0
DA:144,0
DA:147,0
DA:150,2
DA:151,2
DA:152,2
DA:153,2
DA:154,2
DA:156,2
DA:157,1
DA:158,1
DA:159,1
DA:160,1
DA:162,0
DA:165,1
DA:166,1
DA:167,0
DA:170,1
DA:173,0
DA:174,0
DA:179,2
DA:180,2
DA:182,2
DA:186,2
DA:187,1
DA:190,1
DA:191,1
DA:193,1
DA:200,0
DA:201,0
DA:207,1
LF:87
LH:72
BRDA:26,0,0,1
BRDA:26,0,1,0
BRDA:49,1,0,1
BRDA:49,1,1,0
BRDA:68,2,0,1
BRDA:68,2,1,1
BRDA:84,3,0,1
BRDA:84,3,1,4
BRDA:89,4,0,1
BRDA:89,4,1,3
BRDA:93,5,0,1
BRDA:93,5,1,3
BRDA:93,6,0,4
BRDA:93,6,1,3
BRDA:99,7,0,1
BRDA:99,7,1,2
BRDA:118,8,0,1
BRDA:118,8,1,0
BRDA:118,9,0,1
BRDA:118,9,1,1
BRDA:120,10,0,1
BRDA:120,10,1,0
BRDA:120,11,0,1
BRDA:120,11,1,1
BRDA:124,12,0,0
BRDA:124,12,1,0
BRDA:134,13,0,1
BRDA:134,13,1,2
BRDA:140,14,0,0
BRDA:140,14,1,2
BRDA:141,15,0,0
BRDA:141,15,1,0
BRDA:144,16,0,0
BRDA:144,16,1,0
BRDA:156,17,0,1
BRDA:156,17,1,1
BRDA:156,18,0,2
BRDA:156,18,1,1
BRDA:159,19,0,1
BRDA:159,19,1,0
BRDA:166,20,0,0
BRDA:166,20,1,1
BRDA:186,21,0,1
BRDA:186,21,1,1
BRDA:194,22,0,1
BRDA:194,22,1,0
BRF:46
BRH:32
end_of_record
TN:
SF:controls/StationController.js
FN:13,(anonymous_0)
FN:24,(anonymous_1)
FN:49,(anonymous_2)
FN:69,(anonymous_3)
FN:106,(anonymous_4)
FN:129,(anonymous_5)
FN:181,(anonymous_6)
FN:194,(anonymous_7)
FN:227,(anonymous_8)
FNF:9
FNH:8
FNDA:2,(anonymous_0)
FNDA:0,(anonymous_1)
FNDA:2,(anonymous_2)
FNDA:3,(anonymous_3)
FNDA:2,(anonymous_4)
FNDA:4,(anonymous_5)
FNDA:3,(anonymous_6)
FNDA:1,(anonymous_7)
FNDA:2,(anonymous_8)
DA:2,1
DA:3,1
DA:4,1
DA:5,1
DA:6,1
DA:8,1
DA:9,1
DA:14,2
DA:15,2
DA:18,1
DA:20,1
DA:25,0
DA:27,0
DA:28,0
DA:30,0
DA:31,0
DA:34,0
DA:42,0
DA:44,0
DA:45,0
DA:50,2
DA:52,2
DA:53,2
DA:54,1
DA:57,1
DA:62,1
DA:70,3
DA:71,3
DA:72,3
DA:73,1
DA:76,2
DA:81,2
DA:82,1
DA:85,1
DA:93,1
DA:101,0
DA:102,0
DA:107,2
DA:108,2
DA:109,2
DA:114,2
DA:115,1
DA:118,1
DA:124,0
DA:125,0
DA:130,4
DA:132,4
DA:133,4
DA:134,4
DA:135,1
DA:138,3
DA:140,3
DA:141,1
DA:144,2
DA:146,2
DA:160,2
DA:161,1
DA:163,1
DA:166,1
DA:167,1
DA:170,1
DA:171,1
DA:174,1
DA:182,3
DA:183,3
DA:185,3
DA:186,1
DA:189,2
DA:191,2
DA:192,1
DA:193,1
DA:194,1
DA:195,1
DA:196,1
DA:199,1
DA:202,2
DA:203,2
DA:204,2
DA:205,2
DA:206,2
DA:207,2
DA:208,2
DA:209,2
DA:210,2
DA:211,2
DA:213,2
DA:215,2
DA:216,1
DA:219,1
DA:222,0
DA:223,0
DA:228,2
DA:230,2
DA:232,2
DA:236,2
DA:237,1
DA:240,1
DA:242,1
DA:244,1
DA:251,0
DA:252,0
DA:258,1
LF:102
LH:85
BRDA:30,0,0,0
BRDA:30,0,1,0
BRDA:53,1,0,1
BRDA:53,1,1,1
BRDA:72,2,0,1
BRDA:72,2,1,2
BRDA:81,3,0,1
BRDA:81,3,1,1
BRDA:114,4,0,1
BRDA:114,4,1,1
BRDA:134,5,0,1
BRDA:134,5,1,3
BRDA:140,6,0,1
BRDA:140,6,1,2
BRDA:166,7,0,1
BRDA:166,7,1,0
BRDA:170,8,0,1
BRDA:170,8,1,0
BRDA:170,9,0,1
BRDA:170,9,1,1
BRDA:175,10,0,1
BRDA:175,10,1,0
BRDA:185,11,0,1
BRDA:185,11,1,2
BRDA:191,12,0,1
BRDA:191,12,1,1
BRDA:192,13,0,1
BRDA:192,13,1,0
BRDA:195,14,0,0
BRDA:195,14,1,1
BRDA:215,15,0,1
BRDA:215,15,1,1
BRDA:236,16,0,1
BRDA:236,16,1,1
BRF:34
BRH:27
end_of_record
TN:
SF:models/account.js
FN:3,(anonymous_0)
FN:35,(anonymous_1)
FNF:2
FNH:2
FNDA:7,(anonymous_0)
FNDA:7,(anonymous_1)
DA:3,7
DA:4,7
DA:35,7
DA:36,7
DA:44,7
LF:5
LH:5
BRF:0
BRH:0
end_of_record
TN:
SF:models/daily_measurement.js
FN:3,(anonymous_0)
FN:28,(anonymous_1)
FNF:2
FNH:2
FNDA:7,(anonymous_0)
FNDA:7,(anonymous_1)
DA:3,7
DA:4,7
DA:28,7
DA:29,7
DA:33,7
DA:37,7
DA:43,7
LF:7
LH:7
BRF:0
BRH:0
end_of_record
TN:
SF:models/entity.js
FN:3,(anonymous_0)
FN:40,(anonymous_1)
FNF:2
FNH:2
FNDA:7,(anonymous_0)
FNDA:7,(anonymous_1)
DA:3,7
DA:4,7
DA:40,7
DA:41,7
DA:47,7
LF:5
LH:5
BRF:0
BRH:0
end_of_record
TN:
SF:models/index.js
FN:24,(anonymous_0)
FN:29,(anonymous_1)
FN:35,(anonymous_2)
FN:44,(anonymous_3)
FN:46,(anonymous_4)
FNF:5
FNH:3
FNDA:77,(anonymous_0)
FNDA:70,(anonymous_1)
FNDA:70,(anonymous_2)
FNDA:0,(anonymous_3)
FNDA:0,(anonymous_4)
DA:3,7
DA:4,7
DA:5,7
DA:6,7
DA:7,7
DA:8,7
DA:9,7
DA:15,7
DA:23,7
DA:25,77
DA:31,70
DA:32,70
DA:35,7
DA:36,70
DA:37,70
DA:41,7
DA:42,7
DA:44,7
DA:45,0
DA:46,0
DA:48,7
LF:21
LH:19
BRDA:7,0,0,7
BRDA:7,0,1,0
BRDA:26,1,0,77
BRDA:26,1,1,77
BRDA:26,1,2,70
BRDA:36,2,0,70
BRDA:36,2,1,0
BRF:7
BRH:5
end_of_record
TN:
SF:models/measurement.js
FN:3,(anonymous_0)
FN:24,(anonymous_1)
FNF:2
FNH:2
FNDA:7,(anonymous_0)
FNDA:7,(anonymous_1)
DA:3,7
DA:4,7
DA:24,7
DA:25,7
DA:29,7
DA:33,7
DA:39,7
LF:7
LH:7
BRF:0
BRH:0
end_of_record
TN:
SF:models/microbasin.js
FN:3,(anonymous_0)
FN:31,(anonymous_1)
FNF:2
FNH:2
FNDA:7,(anonymous_0)
FNDA:7,(anonymous_1)
DA:3,7
DA:4,7
DA:31,7
DA:32,7
DA:38,7
LF:5
LH:5
BRF:0
BRH:0
end_of_record
TN:
SF:models/phenomenon_operation.js
FN:3,(anonymous_0)
FN:19,(anonymous_1)
FNF:2
FNH:2
FNDA:7,(anonymous_0)
FNDA:7,(anonymous_1)
DA:3,7
DA:4,7
DA:19,7
DA:20,7
DA:23,7
DA:26,7
DA:32,7
LF:7
LH:7
BRF:0
BRH:0
end_of_record
TN:
SF:models/phenomenon_type.js
FN:3,(anonymous_0)
FN:37,(anonymous_1)
FNF:2
FNH:2
FNDA:7,(anonymous_0)
FNDA:7,(anonymous_1)
DA:3,7
DA:4,7
DA:37,7
DA:38,7
DA:44,7
LF:5
LH:5
BRF:0
BRH:0
end_of_record
TN:
SF:models/quantity.js
FN:3,(anonymous_0)
FN:24,(anonymous_1)
FNF:2
FNH:2
FNDA:7,(anonymous_0)
FNDA:7,(anonymous_1)
DA:3,7
DA:4,7
DA:24,7
DA:25,7
DA:31,7
LF:5
LH:5
BRF:0
BRH:0
end_of_record
TN:
SF:models/station.js
FN:3,(anonymous_0)
FN:55,(anonymous_1)
FNF:2
FNH:2
FNDA:7,(anonymous_0)
FNDA:7,(anonymous_1)
DA:3,7
DA:4,7
DA:55,7
DA:56,7
DA:61,7
DA:66,7
DA:72,7
LF:7
LH:7
BRF:0
BRH:0
end_of_record
TN:
SF:models/type_operation.js
FN:3,(anonymous_0)
FN:24,(anonymous_1)
FN:32,(anonymous_2)
FNF:3
FNH:2
FNDA:7,(anonymous_0)
FNDA:7,(anonymous_1)
FNDA:0,(anonymous_2)
DA:3,7
DA:4,7
DA:24,7
DA:25,7
DA:32,7
DA:33,0
DA:35,0
DA:36,0
DA:37,0
DA:38,0
DA:43,7
LF:11
LH:6
BRDA:37,0,0,0
BRDA:37,0,1,0
BRF:2
BRH:0
end_of_record
TN:
SF:routes/socket.js
FN:4,(anonymous_0)
FN:9,(anonymous_1)
FNF:2
FNH:0
FNDA:0,(anonymous_0)
FNDA:0,(anonymous_1)
DA:3,1
DA:5,0
DA:6,0
DA:7,0
DA:10,0
DA:11,0
LF:6
LH:1
BRDA:10,0,0,0
BRDA:10,0,1,0
BRF:2
BRH:0
end_of_record
